Command line invocation:
    /Applications/_Development/Xcode.app/Contents/Developer/usr/bin/xcodebuild -project ios/ASAMAssessment/ASAMAssessment/ASAMAssessment.xcodeproj -scheme ASAMAssessment -configuration Debug -sdk iphonesimulator -destination "platform=iOS Simulator,name=iPhone 17" clean build

Build settings from command line:
    SDKROOT = iphonesimulator26.1

2025-11-10 13:42:31.511 xcodebuild[20598:5120801] [MT] IDERunDestination: Supported platforms for the buildables in the current scheme is empty.
CreateBuildRequest

SendProjectDescription

CreateBuildOperation

** CLEAN SUCCEEDED **

ComputePackagePrebuildTargetDependencyGraph

Prepare packages

CreateBuildRequest

SendProjectDescription

CreateBuildOperation

ComputeTargetDependencyGraph
note: Building targets in dependency order
note: Target dependency graph (1 target)
    Target 'ASAMAssessment' in project 'ASAMAssessment' (no dependencies)

GatherProvisioningInputs

CreateBuildDescription

ExecuteExternalTool /Applications/_Development/Xcode.app/Contents/Developer/Toolchains/XcodeDefault.xctoolchain/usr/bin/clang -v -E -dM -isysroot /Applications/_Development/Xcode.app/Contents/Developer/Platforms/iPhoneSimulator.platform/Developer/SDKs/iPhoneSimulator26.1.sdk -x c -c /dev/null

ExecuteExternalTool /Applications/_Development/Xcode.app/Contents/Developer/Toolchains/XcodeDefault.xctoolchain/usr/bin/swiftc --version

ExecuteExternalTool /Applications/_Development/Xcode.app/Contents/Developer/Toolchains/XcodeDefault.xctoolchain/usr/bin/ld -version_details

Build description signature: 76050398755b406152d3b79118652e92
Build description path: /Users/kevindialmb/Library/Developer/Xcode/DerivedData/ASAMAssessment-ftizkxostkqiwmdgqyoeagaqousk/Build/Intermediates.noindex/XCBuildData/76050398755b406152d3b79118652e92.xcbuilddata
ClangStatCache /Applications/_Development/Xcode.app/Contents/Developer/Toolchains/XcodeDefault.xctoolchain/usr/bin/clang-stat-cache /Applications/_Development/Xcode.app/Contents/Developer/Platforms/iPhoneSimulator.platform/Developer/SDKs/iPhoneSimulator26.1.sdk /Users/kevindialmb/Library/Developer/Xcode/DerivedData/SDKStatCaches.noindex/iphonesimulator26.1-23B77-19c07f8a4044478533e265b0b0ce0a30.sdkstatcache
    cd /Users/kevindialmb/Downloads/ASAM_App/ios/ASAMAssessment/ASAMAssessment/ASAMAssessment.xcodeproj
    /Applications/_Development/Xcode.app/Contents/Developer/Toolchains/XcodeDefault.xctoolchain/usr/bin/clang-stat-cache /Applications/_Development/Xcode.app/Contents/Developer/Platforms/iPhoneSimulator.platform/Developer/SDKs/iPhoneSimulator26.1.sdk -o /Users/kevindialmb/Library/Developer/Xcode/DerivedData/SDKStatCaches.noindex/iphonesimulator26.1-23B77-19c07f8a4044478533e265b0b0ce0a30.sdkstatcache

CreateBuildDirectory /Users/kevindialmb/Library/Developer/Xcode/DerivedData/ASAMAssessment-ftizkxostkqiwmdgqyoeagaqousk/Build/Intermediates.noindex
    cd /Users/kevindialmb/Downloads/ASAM_App/ios/ASAMAssessment/ASAMAssessment/ASAMAssessment.xcodeproj
    builtin-create-build-directory /Users/kevindialmb/Library/Developer/Xcode/DerivedData/ASAMAssessment-ftizkxostkqiwmdgqyoeagaqousk/Build/Intermediates.noindex

CreateBuildDirectory /Users/kevindialmb/Library/Developer/Xcode/DerivedData/ASAMAssessment-ftizkxostkqiwmdgqyoeagaqousk/Build/Products
    cd /Users/kevindialmb/Downloads/ASAM_App/ios/ASAMAssessment/ASAMAssessment/ASAMAssessment.xcodeproj
    builtin-create-build-directory /Users/kevindialmb/Library/Developer/Xcode/DerivedData/ASAMAssessment-ftizkxostkqiwmdgqyoeagaqousk/Build/Products

CreateBuildDirectory /Users/kevindialmb/Library/Developer/Xcode/DerivedData/ASAMAssessment-ftizkxostkqiwmdgqyoeagaqousk/Build/Intermediates.noindex/SwiftExplicitPrecompiledModules
    cd /Users/kevindialmb/Downloads/ASAM_App/ios/ASAMAssessment/ASAMAssessment/ASAMAssessment.xcodeproj
    builtin-create-build-directory /Users/kevindialmb/Library/Developer/Xcode/DerivedData/ASAMAssessment-ftizkxostkqiwmdgqyoeagaqousk/Build/Intermediates.noindex/SwiftExplicitPrecompiledModules

CreateBuildDirectory /Users/kevindialmb/Library/Developer/Xcode/DerivedData/ASAMAssessment-ftizkxostkqiwmdgqyoeagaqousk/Build/Intermediates.noindex/ExplicitPrecompiledModules
    cd /Users/kevindialmb/Downloads/ASAM_App/ios/ASAMAssessment/ASAMAssessment/ASAMAssessment.xcodeproj
    builtin-create-build-directory /Users/kevindialmb/Library/Developer/Xcode/DerivedData/ASAMAssessment-ftizkxostkqiwmdgqyoeagaqousk/Build/Intermediates.noindex/ExplicitPrecompiledModules

CreateBuildDirectory /Users/kevindialmb/Library/Developer/Xcode/DerivedData/ASAMAssessment-ftizkxostkqiwmdgqyoeagaqousk/Build/Intermediates.noindex/EagerLinkingTBDs/Debug-iphonesimulator
    cd /Users/kevindialmb/Downloads/ASAM_App/ios/ASAMAssessment/ASAMAssessment/ASAMAssessment.xcodeproj
    builtin-create-build-directory /Users/kevindialmb/Library/Developer/Xcode/DerivedData/ASAMAssessment-ftizkxostkqiwmdgqyoeagaqousk/Build/Intermediates.noindex/EagerLinkingTBDs/Debug-iphonesimulator

CreateBuildDirectory /Users/kevindialmb/Library/Developer/Xcode/DerivedData/ASAMAssessment-ftizkxostkqiwmdgqyoeagaqousk/Build/Products/Debug-iphonesimulator
    cd /Users/kevindialmb/Downloads/ASAM_App/ios/ASAMAssessment/ASAMAssessment/ASAMAssessment.xcodeproj
    builtin-create-build-directory /Users/kevindialmb/Library/Developer/Xcode/DerivedData/ASAMAssessment-ftizkxostkqiwmdgqyoeagaqousk/Build/Products/Debug-iphonesimulator

WriteAuxiliaryFile /Users/kevindialmb/Library/Developer/Xcode/DerivedData/ASAMAssessment-ftizkxostkqiwmdgqyoeagaqousk/Build/Intermediates.noindex/ASAMAssessment.build/Debug-iphonesimulator/ASAMAssessment-0a2e035ef427984d42c6189076230eac-VFS-iphonesimulator/all-product-headers.yaml
    cd /Users/kevindialmb/Downloads/ASAM_App/ios/ASAMAssessment/ASAMAssessment/ASAMAssessment.xcodeproj
    write-file /Users/kevindialmb/Library/Developer/Xcode/DerivedData/ASAMAssessment-ftizkxostkqiwmdgqyoeagaqousk/Build/Intermediates.noindex/ASAMAssessment.build/Debug-iphonesimulator/ASAMAssessment-0a2e035ef427984d42c6189076230eac-VFS-iphonesimulator/all-product-headers.yaml

WriteAuxiliaryFile /Users/kevindialmb/Library/Developer/Xcode/DerivedData/ASAMAssessment-ftizkxostkqiwmdgqyoeagaqousk/Build/Intermediates.noindex/ASAMAssessment.build/Debug-iphonesimulator/ASAMAssessment.build/empty-ASAMAssessment.plist (in target 'ASAMAssessment' from project 'ASAMAssessment')
    cd /Users/kevindialmb/Downloads/ASAM_App/ios/ASAMAssessment/ASAMAssessment
    write-file /Users/kevindialmb/Library/Developer/Xcode/DerivedData/ASAMAssessment-ftizkxostkqiwmdgqyoeagaqousk/Build/Intermediates.noindex/ASAMAssessment.build/Debug-iphonesimulator/ASAMAssessment.build/empty-ASAMAssessment.plist

WriteAuxiliaryFile /Users/kevindialmb/Library/Developer/Xcode/DerivedData/ASAMAssessment-ftizkxostkqiwmdgqyoeagaqousk/Build/Intermediates.noindex/ASAMAssessment.build/Debug-iphonesimulator/ASAMAssessment.build/Objects-normal/arm64/ASAMAssessment.SwiftConstValuesFileList (in target 'ASAMAssessment' from project 'ASAMAssessment')
    cd /Users/kevindialmb/Downloads/ASAM_App/ios/ASAMAssessment/ASAMAssessment
    write-file /Users/kevindialmb/Library/Developer/Xcode/DerivedData/ASAMAssessment-ftizkxostkqiwmdgqyoeagaqousk/Build/Intermediates.noindex/ASAMAssessment.build/Debug-iphonesimulator/ASAMAssessment.build/Objects-normal/arm64/ASAMAssessment.SwiftConstValuesFileList

WriteAuxiliaryFile /Users/kevindialmb/Library/Developer/Xcode/DerivedData/ASAMAssessment-ftizkxostkqiwmdgqyoeagaqousk/Build/Intermediates.noindex/ASAMAssessment.build/Debug-iphonesimulator/ASAMAssessment.build/Objects-normal/arm64/ASAMAssessment.SwiftFileList (in target 'ASAMAssessment' from project 'ASAMAssessment')
    cd /Users/kevindialmb/Downloads/ASAM_App/ios/ASAMAssessment/ASAMAssessment
    write-file /Users/kevindialmb/Library/Developer/Xcode/DerivedData/ASAMAssessment-ftizkxostkqiwmdgqyoeagaqousk/Build/Intermediates.noindex/ASAMAssessment.build/Debug-iphonesimulator/ASAMAssessment.build/Objects-normal/arm64/ASAMAssessment.SwiftFileList

WriteAuxiliaryFile /Users/kevindialmb/Library/Developer/Xcode/DerivedData/ASAMAssessment-ftizkxostkqiwmdgqyoeagaqousk/Build/Intermediates.noindex/ASAMAssessment.build/Debug-iphonesimulator/ASAMAssessment.build/Objects-normal/arm64/ASAMAssessment_const_extract_protocols.json (in target 'ASAMAssessment' from project 'ASAMAssessment')
    cd /Users/kevindialmb/Downloads/ASAM_App/ios/ASAMAssessment/ASAMAssessment
    write-file /Users/kevindialmb/Library/Developer/Xcode/DerivedData/ASAMAssessment-ftizkxostkqiwmdgqyoeagaqousk/Build/Intermediates.noindex/ASAMAssessment.build/Debug-iphonesimulator/ASAMAssessment.build/Objects-normal/arm64/ASAMAssessment_const_extract_protocols.json

WriteAuxiliaryFile /Users/kevindialmb/Library/Developer/Xcode/DerivedData/ASAMAssessment-ftizkxostkqiwmdgqyoeagaqousk/Build/Intermediates.noindex/ASAMAssessment.build/Debug-iphonesimulator/ASAMAssessment.build/Objects-normal/arm64/ASAMAssessment.LinkFileList (in target 'ASAMAssessment' from project 'ASAMAssessment')
    cd /Users/kevindialmb/Downloads/ASAM_App/ios/ASAMAssessment/ASAMAssessment
    write-file /Users/kevindialmb/Library/Developer/Xcode/DerivedData/ASAMAssessment-ftizkxostkqiwmdgqyoeagaqousk/Build/Intermediates.noindex/ASAMAssessment.build/Debug-iphonesimulator/ASAMAssessment.build/Objects-normal/arm64/ASAMAssessment.LinkFileList

WriteAuxiliaryFile /Users/kevindialmb/Library/Developer/Xcode/DerivedData/ASAMAssessment-ftizkxostkqiwmdgqyoeagaqousk/Build/Intermediates.noindex/ASAMAssessment.build/Debug-iphonesimulator/ASAMAssessment.build/Objects-normal/arm64/ASAMAssessment-OutputFileMap.json (in target 'ASAMAssessment' from project 'ASAMAssessment')
    cd /Users/kevindialmb/Downloads/ASAM_App/ios/ASAMAssessment/ASAMAssessment
    write-file /Users/kevindialmb/Library/Developer/Xcode/DerivedData/ASAMAssessment-ftizkxostkqiwmdgqyoeagaqousk/Build/Intermediates.noindex/ASAMAssessment.build/Debug-iphonesimulator/ASAMAssessment.build/Objects-normal/arm64/ASAMAssessment-OutputFileMap.json

WriteAuxiliaryFile /Users/kevindialmb/Library/Developer/Xcode/DerivedData/ASAMAssessment-ftizkxostkqiwmdgqyoeagaqousk/Build/Intermediates.noindex/ASAMAssessment.build/Debug-iphonesimulator/ASAMAssessment.build/ASAMAssessment.hmap (in target 'ASAMAssessment' from project 'ASAMAssessment')
    cd /Users/kevindialmb/Downloads/ASAM_App/ios/ASAMAssessment/ASAMAssessment
    write-file /Users/kevindialmb/Library/Developer/Xcode/DerivedData/ASAMAssessment-ftizkxostkqiwmdgqyoeagaqousk/Build/Intermediates.noindex/ASAMAssessment.build/Debug-iphonesimulator/ASAMAssessment.build/ASAMAssessment.hmap

WriteAuxiliaryFile /Users/kevindialmb/Library/Developer/Xcode/DerivedData/ASAMAssessment-ftizkxostkqiwmdgqyoeagaqousk/Build/Intermediates.noindex/ASAMAssessment.build/Debug-iphonesimulator/ASAMAssessment.build/ASAMAssessment.DependencyStaticMetadataFileList (in target 'ASAMAssessment' from project 'ASAMAssessment')
    cd /Users/kevindialmb/Downloads/ASAM_App/ios/ASAMAssessment/ASAMAssessment
    write-file /Users/kevindialmb/Library/Developer/Xcode/DerivedData/ASAMAssessment-ftizkxostkqiwmdgqyoeagaqousk/Build/Intermediates.noindex/ASAMAssessment.build/Debug-iphonesimulator/ASAMAssessment.build/ASAMAssessment.DependencyStaticMetadataFileList

WriteAuxiliaryFile /Users/kevindialmb/Library/Developer/Xcode/DerivedData/ASAMAssessment-ftizkxostkqiwmdgqyoeagaqousk/Build/Intermediates.noindex/ASAMAssessment.build/Debug-iphonesimulator/ASAMAssessment.build/DerivedSources/Entitlements-Simulated.plist (in target 'ASAMAssessment' from project 'ASAMAssessment')
    cd /Users/kevindialmb/Downloads/ASAM_App/ios/ASAMAssessment/ASAMAssessment
    write-file /Users/kevindialmb/Library/Developer/Xcode/DerivedData/ASAMAssessment-ftizkxostkqiwmdgqyoeagaqousk/Build/Intermediates.noindex/ASAMAssessment.build/Debug-iphonesimulator/ASAMAssessment.build/DerivedSources/Entitlements-Simulated.plist

WriteAuxiliaryFile /Users/kevindialmb/Library/Developer/Xcode/DerivedData/ASAMAssessment-ftizkxostkqiwmdgqyoeagaqousk/Build/Intermediates.noindex/ASAMAssessment.build/Debug-iphonesimulator/ASAMAssessment.build/ASAMAssessment.DependencyMetadataFileList (in target 'ASAMAssessment' from project 'ASAMAssessment')
    cd /Users/kevindialmb/Downloads/ASAM_App/ios/ASAMAssessment/ASAMAssessment
    write-file /Users/kevindialmb/Library/Developer/Xcode/DerivedData/ASAMAssessment-ftizkxostkqiwmdgqyoeagaqousk/Build/Intermediates.noindex/ASAMAssessment.build/Debug-iphonesimulator/ASAMAssessment.build/ASAMAssessment.DependencyMetadataFileList

WriteAuxiliaryFile /Users/kevindialmb/Library/Developer/Xcode/DerivedData/ASAMAssessment-ftizkxostkqiwmdgqyoeagaqousk/Build/Intermediates.noindex/ASAMAssessment.build/Debug-iphonesimulator/ASAMAssessment.build/ASAMAssessment-project-headers.hmap (in target 'ASAMAssessment' from project 'ASAMAssessment')
    cd /Users/kevindialmb/Downloads/ASAM_App/ios/ASAMAssessment/ASAMAssessment
    write-file /Users/kevindialmb/Library/Developer/Xcode/DerivedData/ASAMAssessment-ftizkxostkqiwmdgqyoeagaqousk/Build/Intermediates.noindex/ASAMAssessment.build/Debug-iphonesimulator/ASAMAssessment.build/ASAMAssessment-project-headers.hmap

WriteAuxiliaryFile /Users/kevindialmb/Library/Developer/Xcode/DerivedData/ASAMAssessment-ftizkxostkqiwmdgqyoeagaqousk/Build/Intermediates.noindex/ASAMAssessment.build/Debug-iphonesimulator/ASAMAssessment.build/ASAMAssessment-own-target-headers.hmap (in target 'ASAMAssessment' from project 'ASAMAssessment')
    cd /Users/kevindialmb/Downloads/ASAM_App/ios/ASAMAssessment/ASAMAssessment
    write-file /Users/kevindialmb/Library/Developer/Xcode/DerivedData/ASAMAssessment-ftizkxostkqiwmdgqyoeagaqousk/Build/Intermediates.noindex/ASAMAssessment.build/Debug-iphonesimulator/ASAMAssessment.build/ASAMAssessment-own-target-headers.hmap

WriteAuxiliaryFile /Users/kevindialmb/Library/Developer/Xcode/DerivedData/ASAMAssessment-ftizkxostkqiwmdgqyoeagaqousk/Build/Intermediates.noindex/ASAMAssessment.build/Debug-iphonesimulator/ASAMAssessment.build/ASAMAssessment-generated-files.hmap (in target 'ASAMAssessment' from project 'ASAMAssessment')
    cd /Users/kevindialmb/Downloads/ASAM_App/ios/ASAMAssessment/ASAMAssessment
    write-file /Users/kevindialmb/Library/Developer/Xcode/DerivedData/ASAMAssessment-ftizkxostkqiwmdgqyoeagaqousk/Build/Intermediates.noindex/ASAMAssessment.build/Debug-iphonesimulator/ASAMAssessment.build/ASAMAssessment-generated-files.hmap

WriteAuxiliaryFile /Users/kevindialmb/Library/Developer/Xcode/DerivedData/ASAMAssessment-ftizkxostkqiwmdgqyoeagaqousk/Build/Intermediates.noindex/ASAMAssessment.build/Debug-iphonesimulator/ASAMAssessment.build/ASAMAssessment-all-target-headers.hmap (in target 'ASAMAssessment' from project 'ASAMAssessment')
    cd /Users/kevindialmb/Downloads/ASAM_App/ios/ASAMAssessment/ASAMAssessment
    write-file /Users/kevindialmb/Library/Developer/Xcode/DerivedData/ASAMAssessment-ftizkxostkqiwmdgqyoeagaqousk/Build/Intermediates.noindex/ASAMAssessment.build/Debug-iphonesimulator/ASAMAssessment.build/ASAMAssessment-all-target-headers.hmap

WriteAuxiliaryFile /Users/kevindialmb/Library/Developer/Xcode/DerivedData/ASAMAssessment-ftizkxostkqiwmdgqyoeagaqousk/Build/Intermediates.noindex/ASAMAssessment.build/Debug-iphonesimulator/ASAMAssessment.build/ASAMAssessment-all-non-framework-target-headers.hmap (in target 'ASAMAssessment' from project 'ASAMAssessment')
    cd /Users/kevindialmb/Downloads/ASAM_App/ios/ASAMAssessment/ASAMAssessment
    write-file /Users/kevindialmb/Library/Developer/Xcode/DerivedData/ASAMAssessment-ftizkxostkqiwmdgqyoeagaqousk/Build/Intermediates.noindex/ASAMAssessment.build/Debug-iphonesimulator/ASAMAssessment.build/ASAMAssessment-all-non-framework-target-headers.hmap

WriteAuxiliaryFile /Users/kevindialmb/Library/Developer/Xcode/DerivedData/ASAMAssessment-ftizkxostkqiwmdgqyoeagaqousk/Build/Intermediates.noindex/ASAMAssessment.build/Debug-iphonesimulator/ASAMAssessment.build/ASAMAssessment-DebugDylibPath-normal-arm64.txt (in target 'ASAMAssessment' from project 'ASAMAssessment')
    cd /Users/kevindialmb/Downloads/ASAM_App/ios/ASAMAssessment/ASAMAssessment
    write-file /Users/kevindialmb/Library/Developer/Xcode/DerivedData/ASAMAssessment-ftizkxostkqiwmdgqyoeagaqousk/Build/Intermediates.noindex/ASAMAssessment.build/Debug-iphonesimulator/ASAMAssessment.build/ASAMAssessment-DebugDylibPath-normal-arm64.txt

MkDir /Users/kevindialmb/Library/Developer/Xcode/DerivedData/ASAMAssessment-ftizkxostkqiwmdgqyoeagaqousk/Build/Products/Debug-iphonesimulator/ASAMAssessment.app (in target 'ASAMAssessment' from project 'ASAMAssessment')
    cd /Users/kevindialmb/Downloads/ASAM_App/ios/ASAMAssessment/ASAMAssessment
    /bin/mkdir -p /Users/kevindialmb/Library/Developer/Xcode/DerivedData/ASAMAssessment-ftizkxostkqiwmdgqyoeagaqousk/Build/Products/Debug-iphonesimulator/ASAMAssessment.app

WriteAuxiliaryFile /Users/kevindialmb/Library/Developer/Xcode/DerivedData/ASAMAssessment-ftizkxostkqiwmdgqyoeagaqousk/Build/Intermediates.noindex/ASAMAssessment.build/Debug-iphonesimulator/ASAMAssessment.build/ASAMAssessment-DebugDylibInstallName-normal-arm64.txt (in target 'ASAMAssessment' from project 'ASAMAssessment')
    cd /Users/kevindialmb/Downloads/ASAM_App/ios/ASAMAssessment/ASAMAssessment
    write-file /Users/kevindialmb/Library/Developer/Xcode/DerivedData/ASAMAssessment-ftizkxostkqiwmdgqyoeagaqousk/Build/Intermediates.noindex/ASAMAssessment.build/Debug-iphonesimulator/ASAMAssessment.build/ASAMAssessment-DebugDylibInstallName-normal-arm64.txt

ProcessProductPackaging "" /Users/kevindialmb/Library/Developer/Xcode/DerivedData/ASAMAssessment-ftizkxostkqiwmdgqyoeagaqousk/Build/Intermediates.noindex/ASAMAssessment.build/Debug-iphonesimulator/ASAMAssessment.build/ASAMAssessment.app-Simulated.xcent (in target 'ASAMAssessment' from project 'ASAMAssessment')
    cd /Users/kevindialmb/Downloads/ASAM_App/ios/ASAMAssessment/ASAMAssessment
    
    Entitlements:
    
    {
    "application-identifier" = "PJ487S8PS6.AxxessPhilly.ASAMAssessment";
}
    
    builtin-productPackagingUtility -entitlements -format xml -o /Users/kevindialmb/Library/Developer/Xcode/DerivedData/ASAMAssessment-ftizkxostkqiwmdgqyoeagaqousk/Build/Intermediates.noindex/ASAMAssessment.build/Debug-iphonesimulator/ASAMAssessment.build/ASAMAssessment.app-Simulated.xcent

ProcessProductPackagingDER /Users/kevindialmb/Library/Developer/Xcode/DerivedData/ASAMAssessment-ftizkxostkqiwmdgqyoeagaqousk/Build/Intermediates.noindex/ASAMAssessment.build/Debug-iphonesimulator/ASAMAssessment.build/ASAMAssessment.app-Simulated.xcent /Users/kevindialmb/Library/Developer/Xcode/DerivedData/ASAMAssessment-ftizkxostkqiwmdgqyoeagaqousk/Build/Intermediates.noindex/ASAMAssessment.build/Debug-iphonesimulator/ASAMAssessment.build/ASAMAssessment.app-Simulated.xcent.der (in target 'ASAMAssessment' from project 'ASAMAssessment')
    cd /Users/kevindialmb/Downloads/ASAM_App/ios/ASAMAssessment/ASAMAssessment
    /usr/bin/derq query -f xml -i /Users/kevindialmb/Library/Developer/Xcode/DerivedData/ASAMAssessment-ftizkxostkqiwmdgqyoeagaqousk/Build/Intermediates.noindex/ASAMAssessment.build/Debug-iphonesimulator/ASAMAssessment.build/ASAMAssessment.app-Simulated.xcent -o /Users/kevindialmb/Library/Developer/Xcode/DerivedData/ASAMAssessment-ftizkxostkqiwmdgqyoeagaqousk/Build/Intermediates.noindex/ASAMAssessment.build/Debug-iphonesimulator/ASAMAssessment.build/ASAMAssessment.app-Simulated.xcent.der --raw

Ld /Users/kevindialmb/Library/Developer/Xcode/DerivedData/ASAMAssessment-ftizkxostkqiwmdgqyoeagaqousk/Build/Products/Debug-iphonesimulator/ASAMAssessment.app/__preview.dylib normal (in target 'ASAMAssessment' from project 'ASAMAssessment')
    cd /Users/kevindialmb/Downloads/ASAM_App/ios/ASAMAssessment/ASAMAssessment
    /Applications/_Development/Xcode.app/Contents/Developer/Toolchains/XcodeDefault.xctoolchain/usr/bin/clang -Xlinker -reproducible -target arm64-apple-ios26.1-simulator -dynamiclib -isysroot /Applications/_Development/Xcode.app/Contents/Developer/Platforms/iPhoneSimulator.platform/Developer/SDKs/iPhoneSimulator26.1.sdk -O0 -L/Users/kevindialmb/Library/Developer/Xcode/DerivedData/ASAMAssessment-ftizkxostkqiwmdgqyoeagaqousk/Build/Products/Debug-iphonesimulator -F/Users/kevindialmb/Library/Developer/Xcode/DerivedData/ASAMAssessment-ftizkxostkqiwmdgqyoeagaqousk/Build/Products/Debug-iphonesimulator -install_name @rpath/ASAMAssessment.debug.dylib -dead_strip -rdynamic -Xlinker -no_deduplicate -Xlinker -objc_abi_version -Xlinker 2 -Xlinker -debug_variant -Xlinker -dependency_info -Xlinker /Users/kevindialmb/Library/Developer/Xcode/DerivedData/ASAMAssessment-ftizkxostkqiwmdgqyoeagaqousk/Build/Intermediates.noindex/ASAMAssessment.build/Debug-iphonesimulator/ASAMAssessment.build/Objects-normal/arm64/ASAMAssessment_dependency_info.dat -Xlinker -sectcreate -Xlinker __TEXT -Xlinker __entitlements -Xlinker /Users/kevindialmb/Library/Developer/Xcode/DerivedData/ASAMAssessment-ftizkxostkqiwmdgqyoeagaqousk/Build/Intermediates.noindex/ASAMAssessment.build/Debug-iphonesimulator/ASAMAssessment.build/ASAMAssessment.app-Simulated.xcent -Xlinker -sectcreate -Xlinker __TEXT -Xlinker __ents_der -Xlinker /Users/kevindialmb/Library/Developer/Xcode/DerivedData/ASAMAssessment-ftizkxostkqiwmdgqyoeagaqousk/Build/Intermediates.noindex/ASAMAssessment.build/Debug-iphonesimulator/ASAMAssessment.build/ASAMAssessment.app-Simulated.xcent.der -Xlinker -no_adhoc_codesign -o /Users/kevindialmb/Library/Developer/Xcode/DerivedData/ASAMAssessment-ftizkxostkqiwmdgqyoeagaqousk/Build/Products/Debug-iphonesimulator/ASAMAssessment.app/__preview.dylib

ProcessInfoPlistFile /Users/kevindialmb/Library/Developer/Xcode/DerivedData/ASAMAssessment-ftizkxostkqiwmdgqyoeagaqousk/Build/Products/Debug-iphonesimulator/ASAMAssessment.app/Info.plist /Users/kevindialmb/Library/Developer/Xcode/DerivedData/ASAMAssessment-ftizkxostkqiwmdgqyoeagaqousk/Build/Intermediates.noindex/ASAMAssessment.build/Debug-iphonesimulator/ASAMAssessment.build/empty-ASAMAssessment.plist (in target 'ASAMAssessment' from project 'ASAMAssessment')
    cd /Users/kevindialmb/Downloads/ASAM_App/ios/ASAMAssessment/ASAMAssessment
    builtin-infoPlistUtility /Users/kevindialmb/Library/Developer/Xcode/DerivedData/ASAMAssessment-ftizkxostkqiwmdgqyoeagaqousk/Build/Intermediates.noindex/ASAMAssessment.build/Debug-iphonesimulator/ASAMAssessment.build/empty-ASAMAssessment.plist -producttype com.apple.product-type.application -genpkginfo /Users/kevindialmb/Library/Developer/Xcode/DerivedData/ASAMAssessment-ftizkxostkqiwmdgqyoeagaqousk/Build/Products/Debug-iphonesimulator/ASAMAssessment.app/PkgInfo -expandbuildsettings -format binary -platform iphonesimulator -o /Users/kevindialmb/Library/Developer/Xcode/DerivedData/ASAMAssessment-ftizkxostkqiwmdgqyoeagaqousk/Build/Products/Debug-iphonesimulator/ASAMAssessment.app/Info.plist

CpResource /Users/kevindialmb/Library/Developer/Xcode/DerivedData/ASAMAssessment-ftizkxostkqiwmdgqyoeagaqousk/Build/Products/Debug-iphonesimulator/ASAMAssessment.app/wm_ladder.json /Users/kevindialmb/Downloads/ASAM_App/ios/ASAMAssessment/ASAMAssessment/rules/wm_ladder.json (in target 'ASAMAssessment' from project 'ASAMAssessment')
    cd /Users/kevindialmb/Downloads/ASAM_App/ios/ASAMAssessment/ASAMAssessment
    builtin-copy -exclude .DS_Store -exclude CVS -exclude .svn -exclude .git -exclude .hg -resolve-src-symlinks /Users/kevindialmb/Downloads/ASAM_App/ios/ASAMAssessment/ASAMAssessment/rules/wm_ladder.json /Users/kevindialmb/Library/Developer/Xcode/DerivedData/ASAMAssessment-ftizkxostkqiwmdgqyoeagaqousk/Build/Products/Debug-iphonesimulator/ASAMAssessment.app

CpResource /Users/kevindialmb/Library/Developer/Xcode/DerivedData/ASAMAssessment-ftizkxostkqiwmdgqyoeagaqousk/Build/Products/Debug-iphonesimulator/ASAMAssessment.app/validation_rules.json /Users/kevindialmb/Downloads/ASAM_App/ios/ASAMAssessment/ASAMAssessment/rules/validation_rules.json (in target 'ASAMAssessment' from project 'ASAMAssessment')
    cd /Users/kevindialmb/Downloads/ASAM_App/ios/ASAMAssessment/ASAMAssessment
    builtin-copy -exclude .DS_Store -exclude CVS -exclude .svn -exclude .git -exclude .hg -resolve-src-symlinks /Users/kevindialmb/Downloads/ASAM_App/ios/ASAMAssessment/ASAMAssessment/rules/validation_rules.json /Users/kevindialmb/Library/Developer/Xcode/DerivedData/ASAMAssessment-ftizkxostkqiwmdgqyoeagaqousk/Build/Products/Debug-iphonesimulator/ASAMAssessment.app

CpResource /Users/kevindialmb/Library/Developer/Xcode/DerivedData/ASAMAssessment-ftizkxostkqiwmdgqyoeagaqousk/Build/Products/Debug-iphonesimulator/ASAMAssessment.app/operators.json /Users/kevindialmb/Downloads/ASAM_App/ios/ASAMAssessment/ASAMAssessment/rules/operators.json (in target 'ASAMAssessment' from project 'ASAMAssessment')
    cd /Users/kevindialmb/Downloads/ASAM_App/ios/ASAMAssessment/ASAMAssessment
    builtin-copy -exclude .DS_Store -exclude CVS -exclude .svn -exclude .git -exclude .hg -resolve-src-symlinks /Users/kevindialmb/Downloads/ASAM_App/ios/ASAMAssessment/ASAMAssessment/rules/operators.json /Users/kevindialmb/Library/Developer/Xcode/DerivedData/ASAMAssessment-ftizkxostkqiwmdgqyoeagaqousk/Build/Products/Debug-iphonesimulator/ASAMAssessment.app

CpResource /Users/kevindialmb/Library/Developer/Xcode/DerivedData/ASAMAssessment-ftizkxostkqiwmdgqyoeagaqousk/Build/Products/Debug-iphonesimulator/ASAMAssessment.app/loc_indication.json /Users/kevindialmb/Downloads/ASAM_App/ios/ASAMAssessment/ASAMAssessment/rules/loc_indication.json (in target 'ASAMAssessment' from project 'ASAMAssessment')
    cd /Users/kevindialmb/Downloads/ASAM_App/ios/ASAMAssessment/ASAMAssessment
    builtin-copy -exclude .DS_Store -exclude CVS -exclude .svn -exclude .git -exclude .hg -resolve-src-symlinks /Users/kevindialmb/Downloads/ASAM_App/ios/ASAMAssessment/ASAMAssessment/rules/loc_indication.json /Users/kevindialmb/Library/Developer/Xcode/DerivedData/ASAMAssessment-ftizkxostkqiwmdgqyoeagaqousk/Build/Products/Debug-iphonesimulator/ASAMAssessment.app

CpResource /Users/kevindialmb/Library/Developer/Xcode/DerivedData/ASAMAssessment-ftizkxostkqiwmdgqyoeagaqousk/Build/Products/Debug-iphonesimulator/ASAMAssessment.app/loc_indication.guard.json /Users/kevindialmb/Downloads/ASAM_App/ios/ASAMAssessment/ASAMAssessment/rules/loc_indication.guard.json (in target 'ASAMAssessment' from project 'ASAMAssessment')
    cd /Users/kevindialmb/Downloads/ASAM_App/ios/ASAMAssessment/ASAMAssessment
    builtin-copy -exclude .DS_Store -exclude CVS -exclude .svn -exclude .git -exclude .hg -resolve-src-symlinks /Users/kevindialmb/Downloads/ASAM_App/ios/ASAMAssessment/ASAMAssessment/rules/loc_indication.guard.json /Users/kevindialmb/Library/Developer/Xcode/DerivedData/ASAMAssessment-ftizkxostkqiwmdgqyoeagaqousk/Build/Products/Debug-iphonesimulator/ASAMAssessment.app

CpResource /Users/kevindialmb/Library/Developer/Xcode/DerivedData/ASAMAssessment-ftizkxostkqiwmdgqyoeagaqousk/Build/Products/Debug-iphonesimulator/ASAMAssessment.app/crumbs.yml /Users/kevindialmb/Downloads/ASAM_App/ios/ASAMAssessment/ASAMAssessment/rules/crumbs.yml (in target 'ASAMAssessment' from project 'ASAMAssessment')
    cd /Users/kevindialmb/Downloads/ASAM_App/ios/ASAMAssessment/ASAMAssessment
    builtin-copy -exclude .DS_Store -exclude CVS -exclude .svn -exclude .git -exclude .hg -resolve-src-symlinks /Users/kevindialmb/Downloads/ASAM_App/ios/ASAMAssessment/ASAMAssessment/rules/crumbs.yml /Users/kevindialmb/Library/Developer/Xcode/DerivedData/ASAMAssessment-ftizkxostkqiwmdgqyoeagaqousk/Build/Products/Debug-iphonesimulator/ASAMAssessment.app

CpResource /Users/kevindialmb/Library/Developer/Xcode/DerivedData/ASAMAssessment-ftizkxostkqiwmdgqyoeagaqousk/Build/Products/Debug-iphonesimulator/ASAMAssessment.app/clinical_thresholds.json /Users/kevindialmb/Downloads/ASAM_App/ios/ASAMAssessment/ASAMAssessment/rules/clinical_thresholds.json (in target 'ASAMAssessment' from project 'ASAMAssessment')
    cd /Users/kevindialmb/Downloads/ASAM_App/ios/ASAMAssessment/ASAMAssessment
    builtin-copy -exclude .DS_Store -exclude CVS -exclude .svn -exclude .git -exclude .hg -resolve-src-symlinks /Users/kevindialmb/Downloads/ASAM_App/ios/ASAMAssessment/ASAMAssessment/rules/clinical_thresholds.json /Users/kevindialmb/Library/Developer/Xcode/DerivedData/ASAMAssessment-ftizkxostkqiwmdgqyoeagaqousk/Build/Products/Debug-iphonesimulator/ASAMAssessment.app

CpResource /Users/kevindialmb/Library/Developer/Xcode/DerivedData/ASAMAssessment-ftizkxostkqiwmdgqyoeagaqousk/Build/Products/Debug-iphonesimulator/ASAMAssessment.app/anchors.json /Users/kevindialmb/Downloads/ASAM_App/ios/ASAMAssessment/ASAMAssessment/rules/anchors.json (in target 'ASAMAssessment' from project 'ASAMAssessment')
    cd /Users/kevindialmb/Downloads/ASAM_App/ios/ASAMAssessment/ASAMAssessment
    builtin-copy -exclude .DS_Store -exclude CVS -exclude .svn -exclude .git -exclude .hg -resolve-src-symlinks /Users/kevindialmb/Downloads/ASAM_App/ios/ASAMAssessment/ASAMAssessment/rules/anchors.json /Users/kevindialmb/Library/Developer/Xcode/DerivedData/ASAMAssessment-ftizkxostkqiwmdgqyoeagaqousk/Build/Products/Debug-iphonesimulator/ASAMAssessment.app

CpResource /Users/kevindialmb/Library/Developer/Xcode/DerivedData/ASAMAssessment-ftizkxostkqiwmdgqyoeagaqousk/Build/Products/Debug-iphonesimulator/ASAMAssessment.app/README.md /Users/kevindialmb/Downloads/ASAM_App/ios/ASAMAssessment/ASAMAssessment/rules/README.md (in target 'ASAMAssessment' from project 'ASAMAssessment')
    cd /Users/kevindialmb/Downloads/ASAM_App/ios/ASAMAssessment/ASAMAssessment
    builtin-copy -exclude .DS_Store -exclude CVS -exclude .svn -exclude .git -exclude .hg -resolve-src-symlinks /Users/kevindialmb/Downloads/ASAM_App/ios/ASAMAssessment/ASAMAssessment/rules/README.md /Users/kevindialmb/Library/Developer/Xcode/DerivedData/ASAMAssessment-ftizkxostkqiwmdgqyoeagaqousk/Build/Products/Debug-iphonesimulator/ASAMAssessment.app

SwiftDriver ASAMAssessment normal arm64 com.apple.xcode.tools.swift.compiler (in target 'ASAMAssessment' from project 'ASAMAssessment')
    cd /Users/kevindialmb/Downloads/ASAM_App/ios/ASAMAssessment/ASAMAssessment
    builtin-SwiftDriver -- /Applications/_Development/Xcode.app/Contents/Developer/Toolchains/XcodeDefault.xctoolchain/usr/bin/swiftc -module-name ASAMAssessment -Onone -enforce-exclusivity\=checked @/Users/kevindialmb/Library/Developer/Xcode/DerivedData/ASAMAssessment-ftizkxostkqiwmdgqyoeagaqousk/Build/Intermediates.noindex/ASAMAssessment.build/Debug-iphonesimulator/ASAMAssessment.build/Objects-normal/arm64/ASAMAssessment.SwiftFileList -DDEBUG -default-isolation\=MainActor -enable-bare-slash-regex -enable-upcoming-feature DisableOutwardActorInference -enable-upcoming-feature InferSendableFromCaptures -enable-upcoming-feature GlobalActorIsolatedTypesUsability -enable-upcoming-feature MemberImportVisibility -enable-upcoming-feature InferIsolatedConformances -enable-upcoming-feature NonisolatedNonsendingByDefault -enable-experimental-feature DebugDescriptionMacro -sdk /Applications/_Development/Xcode.app/Contents/Developer/Platforms/iPhoneSimulator.platform/Developer/SDKs/iPhoneSimulator26.1.sdk -target arm64-apple-ios26.1-simulator -g -module-cache-path /Users/kevindialmb/Library/Developer/Xcode/DerivedData/ModuleCache.noindex -Xfrontend -serialize-debugging-options -profile-coverage-mapping -profile-generate -enable-testing -index-store-path /Users/kevindialmb/Library/Developer/Xcode/DerivedData/ASAMAssessment-ftizkxostkqiwmdgqyoeagaqousk/Index.noindex/DataStore -Xcc -D_LIBCPP_HARDENING_MODE\=_LIBCPP_HARDENING_MODE_DEBUG -swift-version 5 -I /Users/kevindialmb/Library/Developer/Xcode/DerivedData/ASAMAssessment-ftizkxostkqiwmdgqyoeagaqousk/Build/Products/Debug-iphonesimulator -F /Users/kevindialmb/Library/Developer/Xcode/DerivedData/ASAMAssessment-ftizkxostkqiwmdgqyoeagaqousk/Build/Products/Debug-iphonesimulator -emit-localized-strings -emit-localized-strings-path /Users/kevindialmb/Library/Developer/Xcode/DerivedData/ASAMAssessment-ftizkxostkqiwmdgqyoeagaqousk/Build/Intermediates.noindex/ASAMAssessment.build/Debug-iphonesimulator/ASAMAssessment.build/Objects-normal/arm64 -c -j10 -enable-batch-mode -incremental -Xcc -ivfsstatcache -Xcc /Users/kevindialmb/Library/Developer/Xcode/DerivedData/SDKStatCaches.noindex/iphonesimulator26.1-23B77-19c07f8a4044478533e265b0b0ce0a30.sdkstatcache -output-file-map /Users/kevindialmb/Library/Developer/Xcode/DerivedData/ASAMAssessment-ftizkxostkqiwmdgqyoeagaqousk/Build/Intermediates.noindex/ASAMAssessment.build/Debug-iphonesimulator/ASAMAssessment.build/Objects-normal/arm64/ASAMAssessment-OutputFileMap.json -use-frontend-parseable-output -save-temps -no-color-diagnostics -explicit-module-build -module-cache-path /Users/kevindialmb/Library/Developer/Xcode/DerivedData/ASAMAssessment-ftizkxostkqiwmdgqyoeagaqousk/Build/Intermediates.noindex/SwiftExplicitPrecompiledModules -clang-scanner-module-cache-path /Users/kevindialmb/Library/Developer/Xcode/DerivedData/ModuleCache.noindex -sdk-module-cache-path /Users/kevindialmb/Library/Developer/Xcode/DerivedData/ModuleCache.noindex -serialize-diagnostics -emit-dependencies -emit-module -emit-module-path /Users/kevindialmb/Library/Developer/Xcode/DerivedData/ASAMAssessment-ftizkxostkqiwmdgqyoeagaqousk/Build/Intermediates.noindex/ASAMAssessment.build/Debug-iphonesimulator/ASAMAssessment.build/Objects-normal/arm64/ASAMAssessment.swiftmodule -validate-clang-modules-once -clang-build-session-file /Users/kevindialmb/Library/Developer/Xcode/DerivedData/ModuleCache.noindex/Session.modulevalidation -Xcc -I/Users/kevindialmb/Library/Developer/Xcode/DerivedData/ASAMAssessment-ftizkxostkqiwmdgqyoeagaqousk/Build/Intermediates.noindex/ASAMAssessment.build/Debug-iphonesimulator/ASAMAssessment.build/swift-overrides.hmap -emit-const-values -Xfrontend -const-gather-protocols-file -Xfrontend /Users/kevindialmb/Library/Developer/Xcode/DerivedData/ASAMAssessment-ftizkxostkqiwmdgqyoeagaqousk/Build/Intermediates.noindex/ASAMAssessment.build/Debug-iphonesimulator/ASAMAssessment.build/Objects-normal/arm64/ASAMAssessment_const_extract_protocols.json -Xcc -iquote -Xcc /Users/kevindialmb/Library/Developer/Xcode/DerivedData/ASAMAssessment-ftizkxostkqiwmdgqyoeagaqousk/Build/Intermediates.noindex/ASAMAssessment.build/Debug-iphonesimulator/ASAMAssessment.build/ASAMAssessment-generated-files.hmap -Xcc -I/Users/kevindialmb/Library/Developer/Xcode/DerivedData/ASAMAssessment-ftizkxostkqiwmdgqyoeagaqousk/Build/Intermediates.noindex/ASAMAssessment.build/Debug-iphonesimulator/ASAMAssessment.build/ASAMAssessment-own-target-headers.hmap -Xcc -I/Users/kevindialmb/Library/Developer/Xcode/DerivedData/ASAMAssessment-ftizkxostkqiwmdgqyoeagaqousk/Build/Intermediates.noindex/ASAMAssessment.build/Debug-iphonesimulator/ASAMAssessment.build/ASAMAssessment-all-target-headers.hmap -Xcc -iquote -Xcc /Users/kevindialmb/Library/Developer/Xcode/DerivedData/ASAMAssessment-ftizkxostkqiwmdgqyoeagaqousk/Build/Intermediates.noindex/ASAMAssessment.build/Debug-iphonesimulator/ASAMAssessment.build/ASAMAssessment-project-headers.hmap -Xcc -I/Users/kevindialmb/Library/Developer/Xcode/DerivedData/ASAMAssessment-ftizkxostkqiwmdgqyoeagaqousk/Build/Products/Debug-iphonesimulator/include -Xcc -I/Users/kevindialmb/Library/Developer/Xcode/DerivedData/ASAMAssessment-ftizkxostkqiwmdgqyoeagaqousk/Build/Intermediates.noindex/ASAMAssessment.build/Debug-iphonesimulator/ASAMAssessment.build/DerivedSources-normal/arm64 -Xcc -I/Users/kevindialmb/Library/Developer/Xcode/DerivedData/ASAMAssessment-ftizkxostkqiwmdgqyoeagaqousk/Build/Intermediates.noindex/ASAMAssessment.build/Debug-iphonesimulator/ASAMAssessment.build/DerivedSources/arm64 -Xcc -I/Users/kevindialmb/Library/Developer/Xcode/DerivedData/ASAMAssessment-ftizkxostkqiwmdgqyoeagaqousk/Build/Intermediates.noindex/ASAMAssessment.build/Debug-iphonesimulator/ASAMAssessment.build/DerivedSources -Xcc -DDEBUG\=1 -emit-objc-header -emit-objc-header-path /Users/kevindialmb/Library/Developer/Xcode/DerivedData/ASAMAssessment-ftizkxostkqiwmdgqyoeagaqousk/Build/Intermediates.noindex/ASAMAssessment.build/Debug-iphonesimulator/ASAMAssessment.build/Objects-normal/arm64/ASAMAssessment-Swift.h -working-directory /Users/kevindialmb/Downloads/ASAM_App/ios/ASAMAssessment/ASAMAssessment -experimental-emit-module-separately -disable-cmo

SwiftCompile normal arm64 Compiling\ RulesEngine.swift,\ RulesService.swift,\ DatabaseManager.swift /Users/kevindialmb/Downloads/ASAM_App/ios/ASAMAssessment/ASAMAssessment/Services/RulesEngine.swift /Users/kevindialmb/Downloads/ASAM_App/ios/ASAMAssessment/ASAMAssessment/Services/RulesService.swift /Users/kevindialmb/Downloads/ASAM_App/ios/ASAMAssessment/ASAMAssessment/Services/DatabaseManager.swift (in target 'ASAMAssessment' from project 'ASAMAssessment')

SwiftCompile normal arm64 /Users/kevindialmb/Downloads/ASAM_App/ios/ASAMAssessment/ASAMAssessment/Services/RulesEngine.swift (in target 'ASAMAssessment' from project 'ASAMAssessment')
    cd /Users/kevindialmb/Downloads/ASAM_App/ios/ASAMAssessment/ASAMAssessment
    

SwiftCompile normal arm64 /Users/kevindialmb/Downloads/ASAM_App/ios/ASAMAssessment/ASAMAssessment/Services/RulesService.swift (in target 'ASAMAssessment' from project 'ASAMAssessment')
    cd /Users/kevindialmb/Downloads/ASAM_App/ios/ASAMAssessment/ASAMAssessment
    

SwiftCompile normal arm64 /Users/kevindialmb/Downloads/ASAM_App/ios/ASAMAssessment/ASAMAssessment/Services/DatabaseManager.swift (in target 'ASAMAssessment' from project 'ASAMAssessment')
    cd /Users/kevindialmb/Downloads/ASAM_App/ios/ASAMAssessment/ASAMAssessment
    
/Users/kevindialmb/Downloads/ASAM_App/ios/ASAMAssessment/ASAMAssessment/Services/DatabaseManager.swift:217:22: warning: main actor-isolated instance method 'fullIntegrityCheck()' cannot be called from outside of the actor; this is an error in the Swift 6 language mode
            try self.fullIntegrityCheck()
            ~~~~~~~~~^~~~~~~~~~~~~~~~~~~~
                await 

SwiftCompile normal arm64 Compiling\ ContentView.swift,\ ASAMAssessmentApp.swift,\ SafetyBanner.swift /Users/kevindialmb/Downloads/ASAM_App/ios/ASAMAssessment/ASAMAssessment/Views/ContentView.swift /Users/kevindialmb/Downloads/ASAM_App/ios/ASAMAssessment/ASAMAssessment/ASAMAssessmentApp.swift /Users/kevindialmb/Downloads/ASAM_App/ios/ASAMAssessment/ASAMAssessment/Components/SafetyBanner.swift (in target 'ASAMAssessment' from project 'ASAMAssessment')
SwiftCompile normal arm64 /Users/kevindialmb/Downloads/ASAM_App/ios/ASAMAssessment/ASAMAssessment/Views/ContentView.swift (in target 'ASAMAssessment' from project 'ASAMAssessment')
    cd /Users/kevindialmb/Downloads/ASAM_App/ios/ASAMAssessment/ASAMAssessment
    

SwiftCompile normal arm64 /Users/kevindialmb/Downloads/ASAM_App/ios/ASAMAssessment/ASAMAssessment/ASAMAssessmentApp.swift (in target 'ASAMAssessment' from project 'ASAMAssessment')
    cd /Users/kevindialmb/Downloads/ASAM_App/ios/ASAMAssessment/ASAMAssessment
    
/Users/kevindialmb/Downloads/ASAM_App/ios/ASAMAssessment/ASAMAssessment/ASAMAssessmentApp.swift:60:29: warning: no 'async' operations occur within 'await' expression
            let readyJobs = await uploadQueue.ready()
                            ^
/Users/kevindialmb/Downloads/ASAM_App/ios/ASAMAssessment/ASAMAssessment/ASAMAssessmentApp.swift:70:21: warning: no 'async' operations occur within 'await' expression
                    await uploadQueue.complete(jobId: job.id)
                    ^
/Users/kevindialmb/Downloads/ASAM_App/ios/ASAMAssessment/ASAMAssessment/ASAMAssessmentApp.swift:73:21: warning: no 'async' operations occur within 'await' expression
                    await uploadQueue.retry(jobId: job.id, error: error.localizedDescription)
                    ^

SwiftCompile normal arm64 /Users/kevindialmb/Downloads/ASAM_App/ios/ASAMAssessment/ASAMAssessment/Components/SafetyBanner.swift (in target 'ASAMAssessment' from project 'ASAMAssessment')
    cd /Users/kevindialmb/Downloads/ASAM_App/ios/ASAMAssessment/ASAMAssessment
    

SwiftCompile normal arm64 Compiling\ RulesServiceWrapper.swift,\ TokenProvider.swift,\ ExportPreflight.swift /Users/kevindialmb/Downloads/ASAM_App/ios/ASAMAssessment/ASAMAssessment/Services/RulesServiceWrapper.swift /Users/kevindialmb/Downloads/ASAM_App/ios/ASAMAssessment/ASAMAssessment/Services/TokenProvider.swift /Users/kevindialmb/Downloads/ASAM_App/ios/ASAMAssessment/ASAMAssessment/Services/ExportPreflight.swift (in target 'ASAMAssessment' from project 'ASAMAssessment')

SwiftCompile normal arm64 /Users/kevindialmb/Downloads/ASAM_App/ios/ASAMAssessment/ASAMAssessment/Services/RulesServiceWrapper.swift (in target 'ASAMAssessment' from project 'ASAMAssessment')
    cd /Users/kevindialmb/Downloads/ASAM_App/ios/ASAMAssessment/ASAMAssessment
    

SwiftCompile normal arm64 /Users/kevindialmb/Downloads/ASAM_App/ios/ASAMAssessment/ASAMAssessment/Services/TokenProvider.swift (in target 'ASAMAssessment' from project 'ASAMAssessment')
    cd /Users/kevindialmb/Downloads/ASAM_App/ios/ASAMAssessment/ASAMAssessment
    
/Users/kevindialmb/Downloads/ASAM_App/ios/ASAMAssessment/ASAMAssessment/Services/TokenProvider.swift:81:34: warning: main actor-isolated conformance of 'TokenResponse' to 'Decodable' cannot be used in actor-isolated context; this is an error in the Swift 6 language mode
        return try JSONDecoder().decode(TokenResponse.self, from: data)
                                 ^

SwiftCompile normal arm64 /Users/kevindialmb/Downloads/ASAM_App/ios/ASAMAssessment/ASAMAssessment/Services/ExportPreflight.swift (in target 'ASAMAssessment' from project 'ASAMAssessment')
    cd /Users/kevindialmb/Downloads/ASAM_App/ios/ASAMAssessment/ASAMAssessment
    

SwiftCompile normal arm64 Compiling\ RulesProvenance.swift,\ Assessment.swift,\ FlagsSection.swift /Users/kevindialmb/Downloads/ASAM_App/ios/ASAMAssessment/ASAMAssessment/Services/RulesProvenance.swift /Users/kevindialmb/Downloads/ASAM_App/ios/ASAMAssessment/ASAMAssessment/Models/Assessment.swift /Users/kevindialmb/Downloads/ASAM_App/ios/ASAMAssessment/ASAMAssessment/Views/FlagsSection.swift (in target 'ASAMAssessment' from project 'ASAMAssessment')

SwiftCompile normal arm64 /Users/kevindialmb/Downloads/ASAM_App/ios/ASAMAssessment/ASAMAssessment/Services/RulesProvenance.swift (in target 'ASAMAssessment' from project 'ASAMAssessment')
    cd /Users/kevindialmb/Downloads/ASAM_App/ios/ASAMAssessment/ASAMAssessment
    

SwiftCompile normal arm64 /Users/kevindialmb/Downloads/ASAM_App/ios/ASAMAssessment/ASAMAssessment/Models/Assessment.swift (in target 'ASAMAssessment' from project 'ASAMAssessment')
    cd /Users/kevindialmb/Downloads/ASAM_App/ios/ASAMAssessment/ASAMAssessment
    

SwiftCompile normal arm64 /Users/kevindialmb/Downloads/ASAM_App/ios/ASAMAssessment/ASAMAssessment/Views/FlagsSection.swift (in target 'ASAMAssessment' from project 'ASAMAssessment')
    cd /Users/kevindialmb/Downloads/ASAM_App/ios/ASAMAssessment/ASAMAssessment
    

SwiftCompile normal arm64 Compiling\ ClinicalFlagsSection.swift,\ ExportUtils.swift,\ Time.swift /Users/kevindialmb/Downloads/ASAM_App/ios/ASAMAssessment/ASAMAssessment/Views/ClinicalFlagsSection.swift /Users/kevindialmb/Downloads/ASAM_App/ios/ASAMAssessment/ASAMAssessment/Utils/ExportUtils.swift /Users/kevindialmb/Downloads/ASAM_App/ios/ASAMAssessment/ASAMAssessment/Utils/Time.swift (in target 'ASAMAssessment' from project 'ASAMAssessment')

SwiftCompile normal arm64 /Users/kevindialmb/Downloads/ASAM_App/ios/ASAMAssessment/ASAMAssessment/Views/ClinicalFlagsSection.swift (in target 'ASAMAssessment' from project 'ASAMAssessment')
    cd /Users/kevindialmb/Downloads/ASAM_App/ios/ASAMAssessment/ASAMAssessment
    

SwiftCompile normal arm64 /Users/kevindialmb/Downloads/ASAM_App/ios/ASAMAssessment/ASAMAssessment/Utils/ExportUtils.swift (in target 'ASAMAssessment' from project 'ASAMAssessment')
    cd /Users/kevindialmb/Downloads/ASAM_App/ios/ASAMAssessment/ASAMAssessment
    

SwiftCompile normal arm64 /Users/kevindialmb/Downloads/ASAM_App/ios/ASAMAssessment/ASAMAssessment/Utils/Time.swift (in target 'ASAMAssessment' from project 'ASAMAssessment')
    cd /Users/kevindialmb/Downloads/ASAM_App/ios/ASAMAssessment/ASAMAssessment
    

SwiftCompile normal arm64 Compiling\ ComplianceConfig.swift,\ NetworkSanityChecker.swift,\ ReconciliationChecks.swift /Users/kevindialmb/Downloads/ASAM_App/ios/ASAMAssessment/ASAMAssessment/Services/ComplianceConfig.swift /Users/kevindialmb/Downloads/ASAM_App/ios/ASAMAssessment/ASAMAssessment/Services/NetworkSanityChecker.swift /Users/kevindialmb/Downloads/ASAM_App/ios/ASAMAssessment/ASAMAssessment/Services/ReconciliationChecks.swift (in target 'ASAMAssessment' from project 'ASAMAssessment')

SwiftCompile normal arm64 /Users/kevindialmb/Downloads/ASAM_App/ios/ASAMAssessment/ASAMAssessment/Services/ComplianceConfig.swift (in target 'ASAMAssessment' from project 'ASAMAssessment')
    cd /Users/kevindialmb/Downloads/ASAM_App/ios/ASAMAssessment/ASAMAssessment
    

SwiftCompile normal arm64 /Users/kevindialmb/Downloads/ASAM_App/ios/ASAMAssessment/ASAMAssessment/Services/NetworkSanityChecker.swift (in target 'ASAMAssessment' from project 'ASAMAssessment')
    cd /Users/kevindialmb/Downloads/ASAM_App/ios/ASAMAssessment/ASAMAssessment
    
/Users/kevindialmb/Downloads/ASAM_App/ios/ASAMAssessment/ASAMAssessment/Services/NetworkSanityChecker.swift:52:21: warning: reference to captured var 'self' in concurrently-executing code; this is an error in the Swift 6 language mode
                    self?.status = .offline
                    ^

SwiftCompile normal arm64 /Users/kevindialmb/Downloads/ASAM_App/ios/ASAMAssessment/ASAMAssessment/Services/ReconciliationChecks.swift (in target 'ASAMAssessment' from project 'ASAMAssessment')
    cd /Users/kevindialmb/Downloads/ASAM_App/ios/ASAMAssessment/ASAMAssessment
    

SwiftCompile normal arm64 Compiling\ MDMWipeHandler.swift,\ SubstanceRow.swift,\ UploadQueue.swift /Users/kevindialmb/Downloads/ASAM_App/ios/ASAMAssessment/ASAMAssessment/Services/MDMWipeHandler.swift /Users/kevindialmb/Downloads/ASAM_App/ios/ASAMAssessment/ASAMAssessment/Models/SubstanceRow.swift /Users/kevindialmb/Downloads/ASAM_App/ios/ASAMAssessment/ASAMAssessment/Services/UploadQueue.swift (in target 'ASAMAssessment' from project 'ASAMAssessment')

SwiftCompile normal arm64 /Users/kevindialmb/Downloads/ASAM_App/ios/ASAMAssessment/ASAMAssessment/Services/MDMWipeHandler.swift (in target 'ASAMAssessment' from project 'ASAMAssessment')
    cd /Users/kevindialmb/Downloads/ASAM_App/ios/ASAMAssessment/ASAMAssessment
    

SwiftCompile normal arm64 /Users/kevindialmb/Downloads/ASAM_App/ios/ASAMAssessment/ASAMAssessment/Models/SubstanceRow.swift (in target 'ASAMAssessment' from project 'ASAMAssessment')
    cd /Users/kevindialmb/Downloads/ASAM_App/ios/ASAMAssessment/ASAMAssessment
    

SwiftCompile normal arm64 /Users/kevindialmb/Downloads/ASAM_App/ios/ASAMAssessment/ASAMAssessment/Services/UploadQueue.swift (in target 'ASAMAssessment' from project 'ASAMAssessment')
    cd /Users/kevindialmb/Downloads/ASAM_App/ios/ASAMAssessment/ASAMAssessment
    

SwiftCompile normal arm64 Compiling\ LOCService.swift,\ AuditService.swift,\ AssessmentStore.swift /Users/kevindialmb/Downloads/ASAM_App/ios/ASAMAssessment/ASAMAssessment/Services/LOCService.swift /Users/kevindialmb/Downloads/ASAM_App/ios/ASAMAssessment/ASAMAssessment/Services/AuditService.swift /Users/kevindialmb/Downloads/ASAM_App/ios/ASAMAssessment/ASAMAssessment/Services/AssessmentStore.swift (in target 'ASAMAssessment' from project 'ASAMAssessment')

SwiftCompile normal arm64 /Users/kevindialmb/Downloads/ASAM_App/ios/ASAMAssessment/ASAMAssessment/Services/LOCService.swift (in target 'ASAMAssessment' from project 'ASAMAssessment')
    cd /Users/kevindialmb/Downloads/ASAM_App/ios/ASAMAssessment/ASAMAssessment
    

SwiftCompile normal arm64 /Users/kevindialmb/Downloads/ASAM_App/ios/ASAMAssessment/ASAMAssessment/Services/AuditService.swift (in target 'ASAMAssessment' from project 'ASAMAssessment')
    cd /Users/kevindialmb/Downloads/ASAM_App/ios/ASAMAssessment/ASAMAssessment
    

SwiftCompile normal arm64 /Users/kevindialmb/Downloads/ASAM_App/ios/ASAMAssessment/ASAMAssessment/Services/AssessmentStore.swift (in target 'ASAMAssessment' from project 'ASAMAssessment')
    cd /Users/kevindialmb/Downloads/ASAM_App/ios/ASAMAssessment/ASAMAssessment
    

SwiftCompile normal arm64 Compiling\ PDFMetadataScrubber.swift,\ RulesDegradedBanner.swift,\ RulesDiagnosticsView.swift /Users/kevindialmb/Downloads/ASAM_App/ios/ASAMAssessment/ASAMAssessment/Utils/PDFMetadataScrubber.swift /Users/kevindialmb/Downloads/ASAM_App/ios/ASAMAssessment/ASAMAssessment/Views/RulesDegradedBanner.swift /Users/kevindialmb/Downloads/ASAM_App/ios/ASAMAssessment/ASAMAssessment/Views/RulesDiagnosticsView.swift (in target 'ASAMAssessment' from project 'ASAMAssessment')

SwiftCompile normal arm64 /Users/kevindialmb/Downloads/ASAM_App/ios/ASAMAssessment/ASAMAssessment/Utils/PDFMetadataScrubber.swift (in target 'ASAMAssessment' from project 'ASAMAssessment')
    cd /Users/kevindialmb/Downloads/ASAM_App/ios/ASAMAssessment/ASAMAssessment
    

SwiftCompile normal arm64 /Users/kevindialmb/Downloads/ASAM_App/ios/ASAMAssessment/ASAMAssessment/Views/RulesDegradedBanner.swift (in target 'ASAMAssessment' from project 'ASAMAssessment')
    cd /Users/kevindialmb/Downloads/ASAM_App/ios/ASAMAssessment/ASAMAssessment
    

SwiftCompile normal arm64 /Users/kevindialmb/Downloads/ASAM_App/ios/ASAMAssessment/ASAMAssessment/Views/RulesDiagnosticsView.swift (in target 'ASAMAssessment' from project 'ASAMAssessment')
    cd /Users/kevindialmb/Downloads/ASAM_App/ios/ASAMAssessment/ASAMAssessment
    

SwiftEmitModule normal arm64 Emitting\ module\ for\ ASAMAssessment (in target 'ASAMAssessment' from project 'ASAMAssessment')

EmitSwiftModule normal arm64 (in target 'ASAMAssessment' from project 'ASAMAssessment')
    cd /Users/kevindialmb/Downloads/ASAM_App/ios/ASAMAssessment/ASAMAssessment
    

SwiftCompile normal arm64 Compiling\ SubstanceRowSheet.swift,\ SubstanceSheet.swift /Users/kevindialmb/Downloads/ASAM_App/ios/ASAMAssessment/ASAMAssessment/Views/SubstanceRowSheet.swift /Users/kevindialmb/Downloads/ASAM_App/ios/ASAMAssessment/ASAMAssessment/Views/SubstanceSheet.swift (in target 'ASAMAssessment' from project 'ASAMAssessment')
SwiftCompile normal arm64 /Users/kevindialmb/Downloads/ASAM_App/ios/ASAMAssessment/ASAMAssessment/Views/SubstanceRowSheet.swift (in target 'ASAMAssessment' from project 'ASAMAssessment')
    cd /Users/kevindialmb/Downloads/ASAM_App/ios/ASAMAssessment/ASAMAssessment
    

SwiftCompile normal arm64 /Users/kevindialmb/Downloads/ASAM_App/ios/ASAMAssessment/ASAMAssessment/Views/SubstanceSheet.swift (in target 'ASAMAssessment' from project 'ASAMAssessment')
    cd /Users/kevindialmb/Downloads/ASAM_App/ios/ASAMAssessment/ASAMAssessment
    

SwiftDriverJobDiscovery normal arm64 Compiling ComplianceConfig.swift, NetworkSanityChecker.swift, ReconciliationChecks.swift (in target 'ASAMAssessment' from project 'ASAMAssessment')

SwiftDriverJobDiscovery normal arm64 Compiling MDMWipeHandler.swift, SubstanceRow.swift, UploadQueue.swift (in target 'ASAMAssessment' from project 'ASAMAssessment')

SwiftDriverJobDiscovery normal arm64 Compiling RulesEngine.swift, RulesService.swift, DatabaseManager.swift (in target 'ASAMAssessment' from project 'ASAMAssessment')

SwiftDriverJobDiscovery normal arm64 Compiling ClinicalFlagsSection.swift, ExportUtils.swift, Time.swift (in target 'ASAMAssessment' from project 'ASAMAssessment')

SwiftDriverJobDiscovery normal arm64 Compiling LOCService.swift, AuditService.swift, AssessmentStore.swift (in target 'ASAMAssessment' from project 'ASAMAssessment')

SwiftDriverJobDiscovery normal arm64 Emitting module for ASAMAssessment (in target 'ASAMAssessment' from project 'ASAMAssessment')

SwiftDriver\ Compilation\ Requirements ASAMAssessment normal arm64 com.apple.xcode.tools.swift.compiler (in target 'ASAMAssessment' from project 'ASAMAssessment')
    cd /Users/kevindialmb/Downloads/ASAM_App/ios/ASAMAssessment/ASAMAssessment
    builtin-Swift-Compilation-Requirements -- /Applications/_Development/Xcode.app/Contents/Developer/Toolchains/XcodeDefault.xctoolchain/usr/bin/swiftc -module-name ASAMAssessment -Onone -enforce-exclusivity\=checked @/Users/kevindialmb/Library/Developer/Xcode/DerivedData/ASAMAssessment-ftizkxostkqiwmdgqyoeagaqousk/Build/Intermediates.noindex/ASAMAssessment.build/Debug-iphonesimulator/ASAMAssessment.build/Objects-normal/arm64/ASAMAssessment.SwiftFileList -DDEBUG -default-isolation\=MainActor -enable-bare-slash-regex -enable-upcoming-feature DisableOutwardActorInference -enable-upcoming-feature InferSendableFromCaptures -enable-upcoming-feature GlobalActorIsolatedTypesUsability -enable-upcoming-feature MemberImportVisibility -enable-upcoming-feature InferIsolatedConformances -enable-upcoming-feature NonisolatedNonsendingByDefault -enable-experimental-feature DebugDescriptionMacro -sdk /Applications/_Development/Xcode.app/Contents/Developer/Platforms/iPhoneSimulator.platform/Developer/SDKs/iPhoneSimulator26.1.sdk -target arm64-apple-ios26.1-simulator -g -module-cache-path /Users/kevindialmb/Library/Developer/Xcode/DerivedData/ModuleCache.noindex -Xfrontend -serialize-debugging-options -profile-coverage-mapping -profile-generate -enable-testing -index-store-path /Users/kevindialmb/Library/Developer/Xcode/DerivedData/ASAMAssessment-ftizkxostkqiwmdgqyoeagaqousk/Index.noindex/DataStore -Xcc -D_LIBCPP_HARDENING_MODE\=_LIBCPP_HARDENING_MODE_DEBUG -swift-version 5 -I /Users/kevindialmb/Library/Developer/Xcode/DerivedData/ASAMAssessment-ftizkxostkqiwmdgqyoeagaqousk/Build/Products/Debug-iphonesimulator -F /Users/kevindialmb/Library/Developer/Xcode/DerivedData/ASAMAssessment-ftizkxostkqiwmdgqyoeagaqousk/Build/Products/Debug-iphonesimulator -emit-localized-strings -emit-localized-strings-path /Users/kevindialmb/Library/Developer/Xcode/DerivedData/ASAMAssessment-ftizkxostkqiwmdgqyoeagaqousk/Build/Intermediates.noindex/ASAMAssessment.build/Debug-iphonesimulator/ASAMAssessment.build/Objects-normal/arm64 -c -j10 -enable-batch-mode -incremental -Xcc -ivfsstatcache -Xcc /Users/kevindialmb/Library/Developer/Xcode/DerivedData/SDKStatCaches.noindex/iphonesimulator26.1-23B77-19c07f8a4044478533e265b0b0ce0a30.sdkstatcache -output-file-map /Users/kevindialmb/Library/Developer/Xcode/DerivedData/ASAMAssessment-ftizkxostkqiwmdgqyoeagaqousk/Build/Intermediates.noindex/ASAMAssessment.build/Debug-iphonesimulator/ASAMAssessment.build/Objects-normal/arm64/ASAMAssessment-OutputFileMap.json -use-frontend-parseable-output -save-temps -no-color-diagnostics -explicit-module-build -module-cache-path /Users/kevindialmb/Library/Developer/Xcode/DerivedData/ASAMAssessment-ftizkxostkqiwmdgqyoeagaqousk/Build/Intermediates.noindex/SwiftExplicitPrecompiledModules -clang-scanner-module-cache-path /Users/kevindialmb/Library/Developer/Xcode/DerivedData/ModuleCache.noindex -sdk-module-cache-path /Users/kevindialmb/Library/Developer/Xcode/DerivedData/ModuleCache.noindex -serialize-diagnostics -emit-dependencies -emit-module -emit-module-path /Users/kevindialmb/Library/Developer/Xcode/DerivedData/ASAMAssessment-ftizkxostkqiwmdgqyoeagaqousk/Build/Intermediates.noindex/ASAMAssessment.build/Debug-iphonesimulator/ASAMAssessment.build/Objects-normal/arm64/ASAMAssessment.swiftmodule -validate-clang-modules-once -clang-build-session-file /Users/kevindialmb/Library/Developer/Xcode/DerivedData/ModuleCache.noindex/Session.modulevalidation -Xcc -I/Users/kevindialmb/Library/Developer/Xcode/DerivedData/ASAMAssessment-ftizkxostkqiwmdgqyoeagaqousk/Build/Intermediates.noindex/ASAMAssessment.build/Debug-iphonesimulator/ASAMAssessment.build/swift-overrides.hmap -emit-const-values -Xfrontend -const-gather-protocols-file -Xfrontend /Users/kevindialmb/Library/Developer/Xcode/DerivedData/ASAMAssessment-ftizkxostkqiwmdgqyoeagaqousk/Build/Intermediates.noindex/ASAMAssessment.build/Debug-iphonesimulator/ASAMAssessment.build/Objects-normal/arm64/ASAMAssessment_const_extract_protocols.json -Xcc -iquote -Xcc /Users/kevindialmb/Library/Developer/Xcode/DerivedData/ASAMAssessment-ftizkxostkqiwmdgqyoeagaqousk/Build/Intermediates.noindex/ASAMAssessment.build/Debug-iphonesimulator/ASAMAssessment.build/ASAMAssessment-generated-files.hmap -Xcc -I/Users/kevindialmb/Library/Developer/Xcode/DerivedData/ASAMAssessment-ftizkxostkqiwmdgqyoeagaqousk/Build/Intermediates.noindex/ASAMAssessment.build/Debug-iphonesimulator/ASAMAssessment.build/ASAMAssessment-own-target-headers.hmap -Xcc -I/Users/kevindialmb/Library/Developer/Xcode/DerivedData/ASAMAssessment-ftizkxostkqiwmdgqyoeagaqousk/Build/Intermediates.noindex/ASAMAssessment.build/Debug-iphonesimulator/ASAMAssessment.build/ASAMAssessment-all-target-headers.hmap -Xcc -iquote -Xcc /Users/kevindialmb/Library/Developer/Xcode/DerivedData/ASAMAssessment-ftizkxostkqiwmdgqyoeagaqousk/Build/Intermediates.noindex/ASAMAssessment.build/Debug-iphonesimulator/ASAMAssessment.build/ASAMAssessment-project-headers.hmap -Xcc -I/Users/kevindialmb/Library/Developer/Xcode/DerivedData/ASAMAssessment-ftizkxostkqiwmdgqyoeagaqousk/Build/Products/Debug-iphonesimulator/include -Xcc -I/Users/kevindialmb/Library/Developer/Xcode/DerivedData/ASAMAssessment-ftizkxostkqiwmdgqyoeagaqousk/Build/Intermediates.noindex/ASAMAssessment.build/Debug-iphonesimulator/ASAMAssessment.build/DerivedSources-normal/arm64 -Xcc -I/Users/kevindialmb/Library/Developer/Xcode/DerivedData/ASAMAssessment-ftizkxostkqiwmdgqyoeagaqousk/Build/Intermediates.noindex/ASAMAssessment.build/Debug-iphonesimulator/ASAMAssessment.build/DerivedSources/arm64 -Xcc -I/Users/kevindialmb/Library/Developer/Xcode/DerivedData/ASAMAssessment-ftizkxostkqiwmdgqyoeagaqousk/Build/Intermediates.noindex/ASAMAssessment.build/Debug-iphonesimulator/ASAMAssessment.build/DerivedSources -Xcc -DDEBUG\=1 -emit-objc-header -emit-objc-header-path /Users/kevindialmb/Library/Developer/Xcode/DerivedData/ASAMAssessment-ftizkxostkqiwmdgqyoeagaqousk/Build/Intermediates.noindex/ASAMAssessment.build/Debug-iphonesimulator/ASAMAssessment.build/Objects-normal/arm64/ASAMAssessment-Swift.h -working-directory /Users/kevindialmb/Downloads/ASAM_App/ios/ASAMAssessment/ASAMAssessment -experimental-emit-module-separately -disable-cmo

SwiftMergeGeneratedHeaders /Users/kevindialmb/Library/Developer/Xcode/DerivedData/ASAMAssessment-ftizkxostkqiwmdgqyoeagaqousk/Build/Intermediates.noindex/ASAMAssessment.build/Debug-iphonesimulator/ASAMAssessment.build/DerivedSources/ASAMAssessment-Swift.h /Users/kevindialmb/Library/Developer/Xcode/DerivedData/ASAMAssessment-ftizkxostkqiwmdgqyoeagaqousk/Build/Intermediates.noindex/ASAMAssessment.build/Debug-iphonesimulator/ASAMAssessment.build/Objects-normal/arm64/ASAMAssessment-Swift.h (in target 'ASAMAssessment' from project 'ASAMAssessment')
    cd /Users/kevindialmb/Downloads/ASAM_App/ios/ASAMAssessment/ASAMAssessment
    builtin-swiftHeaderTool -arch arm64 /Users/kevindialmb/Library/Developer/Xcode/DerivedData/ASAMAssessment-ftizkxostkqiwmdgqyoeagaqousk/Build/Intermediates.noindex/ASAMAssessment.build/Debug-iphonesimulator/ASAMAssessment.build/Objects-normal/arm64/ASAMAssessment-Swift.h -o /Users/kevindialmb/Library/Developer/Xcode/DerivedData/ASAMAssessment-ftizkxostkqiwmdgqyoeagaqousk/Build/Intermediates.noindex/ASAMAssessment.build/Debug-iphonesimulator/ASAMAssessment.build/DerivedSources/ASAMAssessment-Swift.h

Copy /Users/kevindialmb/Library/Developer/Xcode/DerivedData/ASAMAssessment-ftizkxostkqiwmdgqyoeagaqousk/Build/Products/Debug-iphonesimulator/ASAMAssessment.swiftmodule/arm64-apple-ios-simulator.abi.json /Users/kevindialmb/Library/Developer/Xcode/DerivedData/ASAMAssessment-ftizkxostkqiwmdgqyoeagaqousk/Build/Intermediates.noindex/ASAMAssessment.build/Debug-iphonesimulator/ASAMAssessment.build/Objects-normal/arm64/ASAMAssessment.abi.json (in target 'ASAMAssessment' from project 'ASAMAssessment')
    cd /Users/kevindialmb/Downloads/ASAM_App/ios/ASAMAssessment/ASAMAssessment
    builtin-copy -exclude .DS_Store -exclude CVS -exclude .svn -exclude .git -exclude .hg -resolve-src-symlinks -rename /Users/kevindialmb/Library/Developer/Xcode/DerivedData/ASAMAssessment-ftizkxostkqiwmdgqyoeagaqousk/Build/Intermediates.noindex/ASAMAssessment.build/Debug-iphonesimulator/ASAMAssessment.build/Objects-normal/arm64/ASAMAssessment.abi.json /Users/kevindialmb/Library/Developer/Xcode/DerivedData/ASAMAssessment-ftizkxostkqiwmdgqyoeagaqousk/Build/Products/Debug-iphonesimulator/ASAMAssessment.swiftmodule/arm64-apple-ios-simulator.abi.json

Copy /Users/kevindialmb/Library/Developer/Xcode/DerivedData/ASAMAssessment-ftizkxostkqiwmdgqyoeagaqousk/Build/Products/Debug-iphonesimulator/ASAMAssessment.swiftmodule/arm64-apple-ios-simulator.swiftdoc /Users/kevindialmb/Library/Developer/Xcode/DerivedData/ASAMAssessment-ftizkxostkqiwmdgqyoeagaqousk/Build/Intermediates.noindex/ASAMAssessment.build/Debug-iphonesimulator/ASAMAssessment.build/Objects-normal/arm64/ASAMAssessment.swiftdoc (in target 'ASAMAssessment' from project 'ASAMAssessment')
    cd /Users/kevindialmb/Downloads/ASAM_App/ios/ASAMAssessment/ASAMAssessment
    builtin-copy -exclude .DS_Store -exclude CVS -exclude .svn -exclude .git -exclude .hg -resolve-src-symlinks -rename /Users/kevindialmb/Library/Developer/Xcode/DerivedData/ASAMAssessment-ftizkxostkqiwmdgqyoeagaqousk/Build/Intermediates.noindex/ASAMAssessment.build/Debug-iphonesimulator/ASAMAssessment.build/Objects-normal/arm64/ASAMAssessment.swiftdoc /Users/kevindialmb/Library/Developer/Xcode/DerivedData/ASAMAssessment-ftizkxostkqiwmdgqyoeagaqousk/Build/Products/Debug-iphonesimulator/ASAMAssessment.swiftmodule/arm64-apple-ios-simulator.swiftdoc

Copy /Users/kevindialmb/Library/Developer/Xcode/DerivedData/ASAMAssessment-ftizkxostkqiwmdgqyoeagaqousk/Build/Products/Debug-iphonesimulator/ASAMAssessment.swiftmodule/arm64-apple-ios-simulator.swiftmodule /Users/kevindialmb/Library/Developer/Xcode/DerivedData/ASAMAssessment-ftizkxostkqiwmdgqyoeagaqousk/Build/Intermediates.noindex/ASAMAssessment.build/Debug-iphonesimulator/ASAMAssessment.build/Objects-normal/arm64/ASAMAssessment.swiftmodule (in target 'ASAMAssessment' from project 'ASAMAssessment')
    cd /Users/kevindialmb/Downloads/ASAM_App/ios/ASAMAssessment/ASAMAssessment
    builtin-copy -exclude .DS_Store -exclude CVS -exclude .svn -exclude .git -exclude .hg -resolve-src-symlinks -rename /Users/kevindialmb/Library/Developer/Xcode/DerivedData/ASAMAssessment-ftizkxostkqiwmdgqyoeagaqousk/Build/Intermediates.noindex/ASAMAssessment.build/Debug-iphonesimulator/ASAMAssessment.build/Objects-normal/arm64/ASAMAssessment.swiftmodule /Users/kevindialmb/Library/Developer/Xcode/DerivedData/ASAMAssessment-ftizkxostkqiwmdgqyoeagaqousk/Build/Products/Debug-iphonesimulator/ASAMAssessment.swiftmodule/arm64-apple-ios-simulator.swiftmodule

Copy /Users/kevindialmb/Library/Developer/Xcode/DerivedData/ASAMAssessment-ftizkxostkqiwmdgqyoeagaqousk/Build/Products/Debug-iphonesimulator/ASAMAssessment.swiftmodule/Project/arm64-apple-ios-simulator.swiftsourceinfo /Users/kevindialmb/Library/Developer/Xcode/DerivedData/ASAMAssessment-ftizkxostkqiwmdgqyoeagaqousk/Build/Intermediates.noindex/ASAMAssessment.build/Debug-iphonesimulator/ASAMAssessment.build/Objects-normal/arm64/ASAMAssessment.swiftsourceinfo (in target 'ASAMAssessment' from project 'ASAMAssessment')
    cd /Users/kevindialmb/Downloads/ASAM_App/ios/ASAMAssessment/ASAMAssessment
    builtin-copy -exclude .DS_Store -exclude CVS -exclude .svn -exclude .git -exclude .hg -resolve-src-symlinks -rename /Users/kevindialmb/Library/Developer/Xcode/DerivedData/ASAMAssessment-ftizkxostkqiwmdgqyoeagaqousk/Build/Intermediates.noindex/ASAMAssessment.build/Debug-iphonesimulator/ASAMAssessment.build/Objects-normal/arm64/ASAMAssessment.swiftsourceinfo /Users/kevindialmb/Library/Developer/Xcode/DerivedData/ASAMAssessment-ftizkxostkqiwmdgqyoeagaqousk/Build/Products/Debug-iphonesimulator/ASAMAssessment.swiftmodule/Project/arm64-apple-ios-simulator.swiftsourceinfo

SwiftDriverJobDiscovery normal arm64 Compiling PDFMetadataScrubber.swift, RulesDegradedBanner.swift, RulesDiagnosticsView.swift (in target 'ASAMAssessment' from project 'ASAMAssessment')

SwiftDriverJobDiscovery normal arm64 Compiling RulesServiceWrapper.swift, TokenProvider.swift, ExportPreflight.swift (in target 'ASAMAssessment' from project 'ASAMAssessment')

SwiftDriverJobDiscovery normal arm64 Compiling RulesProvenance.swift, Assessment.swift, FlagsSection.swift (in target 'ASAMAssessment' from project 'ASAMAssessment')

SwiftDriverJobDiscovery normal arm64 Compiling ContentView.swift, ASAMAssessmentApp.swift, SafetyBanner.swift (in target 'ASAMAssessment' from project 'ASAMAssessment')

SwiftDriverJobDiscovery normal arm64 Compiling SubstanceRowSheet.swift, SubstanceSheet.swift (in target 'ASAMAssessment' from project 'ASAMAssessment')

SwiftDriver\ Compilation ASAMAssessment normal arm64 com.apple.xcode.tools.swift.compiler (in target 'ASAMAssessment' from project 'ASAMAssessment')
    cd /Users/kevindialmb/Downloads/ASAM_App/ios/ASAMAssessment/ASAMAssessment
    builtin-Swift-Compilation -- /Applications/_Development/Xcode.app/Contents/Developer/Toolchains/XcodeDefault.xctoolchain/usr/bin/swiftc -module-name ASAMAssessment -Onone -enforce-exclusivity\=checked @/Users/kevindialmb/Library/Developer/Xcode/DerivedData/ASAMAssessment-ftizkxostkqiwmdgqyoeagaqousk/Build/Intermediates.noindex/ASAMAssessment.build/Debug-iphonesimulator/ASAMAssessment.build/Objects-normal/arm64/ASAMAssessment.SwiftFileList -DDEBUG -default-isolation\=MainActor -enable-bare-slash-regex -enable-upcoming-feature DisableOutwardActorInference -enable-upcoming-feature InferSendableFromCaptures -enable-upcoming-feature GlobalActorIsolatedTypesUsability -enable-upcoming-feature MemberImportVisibility -enable-upcoming-feature InferIsolatedConformances -enable-upcoming-feature NonisolatedNonsendingByDefault -enable-experimental-feature DebugDescriptionMacro -sdk /Applications/_Development/Xcode.app/Contents/Developer/Platforms/iPhoneSimulator.platform/Developer/SDKs/iPhoneSimulator26.1.sdk -target arm64-apple-ios26.1-simulator -g -module-cache-path /Users/kevindialmb/Library/Developer/Xcode/DerivedData/ModuleCache.noindex -Xfrontend -serialize-debugging-options -profile-coverage-mapping -profile-generate -enable-testing -index-store-path /Users/kevindialmb/Library/Developer/Xcode/DerivedData/ASAMAssessment-ftizkxostkqiwmdgqyoeagaqousk/Index.noindex/DataStore -Xcc -D_LIBCPP_HARDENING_MODE\=_LIBCPP_HARDENING_MODE_DEBUG -swift-version 5 -I /Users/kevindialmb/Library/Developer/Xcode/DerivedData/ASAMAssessment-ftizkxostkqiwmdgqyoeagaqousk/Build/Products/Debug-iphonesimulator -F /Users/kevindialmb/Library/Developer/Xcode/DerivedData/ASAMAssessment-ftizkxostkqiwmdgqyoeagaqousk/Build/Products/Debug-iphonesimulator -emit-localized-strings -emit-localized-strings-path /Users/kevindialmb/Library/Developer/Xcode/DerivedData/ASAMAssessment-ftizkxostkqiwmdgqyoeagaqousk/Build/Intermediates.noindex/ASAMAssessment.build/Debug-iphonesimulator/ASAMAssessment.build/Objects-normal/arm64 -c -j10 -enable-batch-mode -incremental -Xcc -ivfsstatcache -Xcc /Users/kevindialmb/Library/Developer/Xcode/DerivedData/SDKStatCaches.noindex/iphonesimulator26.1-23B77-19c07f8a4044478533e265b0b0ce0a30.sdkstatcache -output-file-map /Users/kevindialmb/Library/Developer/Xcode/DerivedData/ASAMAssessment-ftizkxostkqiwmdgqyoeagaqousk/Build/Intermediates.noindex/ASAMAssessment.build/Debug-iphonesimulator/ASAMAssessment.build/Objects-normal/arm64/ASAMAssessment-OutputFileMap.json -use-frontend-parseable-output -save-temps -no-color-diagnostics -explicit-module-build -module-cache-path /Users/kevindialmb/Library/Developer/Xcode/DerivedData/ASAMAssessment-ftizkxostkqiwmdgqyoeagaqousk/Build/Intermediates.noindex/SwiftExplicitPrecompiledModules -clang-scanner-module-cache-path /Users/kevindialmb/Library/Developer/Xcode/DerivedData/ModuleCache.noindex -sdk-module-cache-path /Users/kevindialmb/Library/Developer/Xcode/DerivedData/ModuleCache.noindex -serialize-diagnostics -emit-dependencies -emit-module -emit-module-path /Users/kevindialmb/Library/Developer/Xcode/DerivedData/ASAMAssessment-ftizkxostkqiwmdgqyoeagaqousk/Build/Intermediates.noindex/ASAMAssessment.build/Debug-iphonesimulator/ASAMAssessment.build/Objects-normal/arm64/ASAMAssessment.swiftmodule -validate-clang-modules-once -clang-build-session-file /Users/kevindialmb/Library/Developer/Xcode/DerivedData/ModuleCache.noindex/Session.modulevalidation -Xcc -I/Users/kevindialmb/Library/Developer/Xcode/DerivedData/ASAMAssessment-ftizkxostkqiwmdgqyoeagaqousk/Build/Intermediates.noindex/ASAMAssessment.build/Debug-iphonesimulator/ASAMAssessment.build/swift-overrides.hmap -emit-const-values -Xfrontend -const-gather-protocols-file -Xfrontend /Users/kevindialmb/Library/Developer/Xcode/DerivedData/ASAMAssessment-ftizkxostkqiwmdgqyoeagaqousk/Build/Intermediates.noindex/ASAMAssessment.build/Debug-iphonesimulator/ASAMAssessment.build/Objects-normal/arm64/ASAMAssessment_const_extract_protocols.json -Xcc -iquote -Xcc /Users/kevindialmb/Library/Developer/Xcode/DerivedData/ASAMAssessment-ftizkxostkqiwmdgqyoeagaqousk/Build/Intermediates.noindex/ASAMAssessment.build/Debug-iphonesimulator/ASAMAssessment.build/ASAMAssessment-generated-files.hmap -Xcc -I/Users/kevindialmb/Library/Developer/Xcode/DerivedData/ASAMAssessment-ftizkxostkqiwmdgqyoeagaqousk/Build/Intermediates.noindex/ASAMAssessment.build/Debug-iphonesimulator/ASAMAssessment.build/ASAMAssessment-own-target-headers.hmap -Xcc -I/Users/kevindialmb/Library/Developer/Xcode/DerivedData/ASAMAssessment-ftizkxostkqiwmdgqyoeagaqousk/Build/Intermediates.noindex/ASAMAssessment.build/Debug-iphonesimulator/ASAMAssessment.build/ASAMAssessment-all-target-headers.hmap -Xcc -iquote -Xcc /Users/kevindialmb/Library/Developer/Xcode/DerivedData/ASAMAssessment-ftizkxostkqiwmdgqyoeagaqousk/Build/Intermediates.noindex/ASAMAssessment.build/Debug-iphonesimulator/ASAMAssessment.build/ASAMAssessment-project-headers.hmap -Xcc -I/Users/kevindialmb/Library/Developer/Xcode/DerivedData/ASAMAssessment-ftizkxostkqiwmdgqyoeagaqousk/Build/Products/Debug-iphonesimulator/include -Xcc -I/Users/kevindialmb/Library/Developer/Xcode/DerivedData/ASAMAssessment-ftizkxostkqiwmdgqyoeagaqousk/Build/Intermediates.noindex/ASAMAssessment.build/Debug-iphonesimulator/ASAMAssessment.build/DerivedSources-normal/arm64 -Xcc -I/Users/kevindialmb/Library/Developer/Xcode/DerivedData/ASAMAssessment-ftizkxostkqiwmdgqyoeagaqousk/Build/Intermediates.noindex/ASAMAssessment.build/Debug-iphonesimulator/ASAMAssessment.build/DerivedSources/arm64 -Xcc -I/Users/kevindialmb/Library/Developer/Xcode/DerivedData/ASAMAssessment-ftizkxostkqiwmdgqyoeagaqousk/Build/Intermediates.noindex/ASAMAssessment.build/Debug-iphonesimulator/ASAMAssessment.build/DerivedSources -Xcc -DDEBUG\=1 -emit-objc-header -emit-objc-header-path /Users/kevindialmb/Library/Developer/Xcode/DerivedData/ASAMAssessment-ftizkxostkqiwmdgqyoeagaqousk/Build/Intermediates.noindex/ASAMAssessment.build/Debug-iphonesimulator/ASAMAssessment.build/Objects-normal/arm64/ASAMAssessment-Swift.h -working-directory /Users/kevindialmb/Downloads/ASAM_App/ios/ASAMAssessment/ASAMAssessment -experimental-emit-module-separately -disable-cmo

Ld /Users/kevindialmb/Library/Developer/Xcode/DerivedData/ASAMAssessment-ftizkxostkqiwmdgqyoeagaqousk/Build/Products/Debug-iphonesimulator/ASAMAssessment.app/ASAMAssessment.debug.dylib normal (in target 'ASAMAssessment' from project 'ASAMAssessment')
    cd /Users/kevindialmb/Downloads/ASAM_App/ios/ASAMAssessment/ASAMAssessment
    /Applications/_Development/Xcode.app/Contents/Developer/Toolchains/XcodeDefault.xctoolchain/usr/bin/clang -Xlinker -reproducible -target arm64-apple-ios26.1-simulator -dynamiclib -isysroot /Applications/_Development/Xcode.app/Contents/Developer/Platforms/iPhoneSimulator.platform/Developer/SDKs/iPhoneSimulator26.1.sdk -O0 -L/Users/kevindialmb/Library/Developer/Xcode/DerivedData/ASAMAssessment-ftizkxostkqiwmdgqyoeagaqousk/Build/Intermediates.noindex/EagerLinkingTBDs/Debug-iphonesimulator -L/Users/kevindialmb/Library/Developer/Xcode/DerivedData/ASAMAssessment-ftizkxostkqiwmdgqyoeagaqousk/Build/Products/Debug-iphonesimulator -F/Users/kevindialmb/Library/Developer/Xcode/DerivedData/ASAMAssessment-ftizkxostkqiwmdgqyoeagaqousk/Build/Intermediates.noindex/EagerLinkingTBDs/Debug-iphonesimulator -F/Users/kevindialmb/Library/Developer/Xcode/DerivedData/ASAMAssessment-ftizkxostkqiwmdgqyoeagaqousk/Build/Products/Debug-iphonesimulator -filelist /Users/kevindialmb/Library/Developer/Xcode/DerivedData/ASAMAssessment-ftizkxostkqiwmdgqyoeagaqousk/Build/Intermediates.noindex/ASAMAssessment.build/Debug-iphonesimulator/ASAMAssessment.build/Objects-normal/arm64/ASAMAssessment.LinkFileList -install_name @rpath/ASAMAssessment.debug.dylib -Xlinker -rpath -Xlinker @executable_path/Frameworks -dead_strip -Xlinker -object_path_lto -Xlinker /Users/kevindialmb/Library/Developer/Xcode/DerivedData/ASAMAssessment-ftizkxostkqiwmdgqyoeagaqousk/Build/Intermediates.noindex/ASAMAssessment.build/Debug-iphonesimulator/ASAMAssessment.build/Objects-normal/arm64/ASAMAssessment_lto.o -rdynamic -Xlinker -no_deduplicate -Xlinker -objc_abi_version -Xlinker 2 -Xlinker -debug_variant -Xlinker -dependency_info -Xlinker /Users/kevindialmb/Library/Developer/Xcode/DerivedData/ASAMAssessment-ftizkxostkqiwmdgqyoeagaqousk/Build/Intermediates.noindex/ASAMAssessment.build/Debug-iphonesimulator/ASAMAssessment.build/Objects-normal/arm64/ASAMAssessment_dependency_info.dat -fobjc-link-runtime -fprofile-instr-generate -L/Applications/_Development/Xcode.app/Contents/Developer/Toolchains/XcodeDefault.xctoolchain/usr/lib/swift/iphonesimulator -L/usr/lib/swift -Xlinker -add_ast_path -Xlinker /Users/kevindialmb/Library/Developer/Xcode/DerivedData/ASAMAssessment-ftizkxostkqiwmdgqyoeagaqousk/Build/Intermediates.noindex/ASAMAssessment.build/Debug-iphonesimulator/ASAMAssessment.build/Objects-normal/arm64/ASAMAssessment.swiftmodule @/Users/kevindialmb/Library/Developer/Xcode/DerivedData/ASAMAssessment-ftizkxostkqiwmdgqyoeagaqousk/Build/Intermediates.noindex/ASAMAssessment.build/Debug-iphonesimulator/ASAMAssessment.build/Objects-normal/arm64/ASAMAssessment-linker-args.resp -Xlinker -alias -Xlinker _main -Xlinker ___debug_main_executable_dylib_entry_point -Xlinker -no_adhoc_codesign -o /Users/kevindialmb/Library/Developer/Xcode/DerivedData/ASAMAssessment-ftizkxostkqiwmdgqyoeagaqousk/Build/Products/Debug-iphonesimulator/ASAMAssessment.app/ASAMAssessment.debug.dylib

ConstructStubExecutorLinkFileList /Users/kevindialmb/Library/Developer/Xcode/DerivedData/ASAMAssessment-ftizkxostkqiwmdgqyoeagaqousk/Build/Intermediates.noindex/ASAMAssessment.build/Debug-iphonesimulator/ASAMAssessment.build/ASAMAssessment-ExecutorLinkFileList-normal-arm64.txt (in target 'ASAMAssessment' from project 'ASAMAssessment')
    cd /Users/kevindialmb/Downloads/ASAM_App/ios/ASAMAssessment/ASAMAssessment
    construct-stub-executor-link-file-list /Users/kevindialmb/Library/Developer/Xcode/DerivedData/ASAMAssessment-ftizkxostkqiwmdgqyoeagaqousk/Build/Products/Debug-iphonesimulator/ASAMAssessment.app/ASAMAssessment.debug.dylib /Applications/_Development/Xcode.app/Contents/Developer/Platforms/iPhoneSimulator.platform/Developer/usr/lib/libPreviewsJITStubExecutor_no_swift_entry_point.a /Applications/_Development/Xcode.app/Contents/Developer/Platforms/iPhoneSimulator.platform/Developer/usr/lib/libPreviewsJITStubExecutor.a --output /Users/kevindialmb/Library/Developer/Xcode/DerivedData/ASAMAssessment-ftizkxostkqiwmdgqyoeagaqousk/Build/Intermediates.noindex/ASAMAssessment.build/Debug-iphonesimulator/ASAMAssessment.build/ASAMAssessment-ExecutorLinkFileList-normal-arm64.txt
note: Using stub executor library with Swift entry point. (in target 'ASAMAssessment' from project 'ASAMAssessment')

Ld /Users/kevindialmb/Library/Developer/Xcode/DerivedData/ASAMAssessment-ftizkxostkqiwmdgqyoeagaqousk/Build/Products/Debug-iphonesimulator/ASAMAssessment.app/ASAMAssessment normal (in target 'ASAMAssessment' from project 'ASAMAssessment')
    cd /Users/kevindialmb/Downloads/ASAM_App/ios/ASAMAssessment/ASAMAssessment
    /Applications/_Development/Xcode.app/Contents/Developer/Toolchains/XcodeDefault.xctoolchain/usr/bin/clang -Xlinker -reproducible -target arm64-apple-ios26.1-simulator -isysroot /Applications/_Development/Xcode.app/Contents/Developer/Platforms/iPhoneSimulator.platform/Developer/SDKs/iPhoneSimulator26.1.sdk -O0 -L/Users/kevindialmb/Library/Developer/Xcode/DerivedData/ASAMAssessment-ftizkxostkqiwmdgqyoeagaqousk/Build/Products/Debug-iphonesimulator -F/Users/kevindialmb/Library/Developer/Xcode/DerivedData/ASAMAssessment-ftizkxostkqiwmdgqyoeagaqousk/Build/Products/Debug-iphonesimulator -Xlinker -rpath -Xlinker @executable_path -Xlinker -rpath -Xlinker @executable_path/Frameworks -rdynamic -Xlinker -no_deduplicate -Xlinker -objc_abi_version -Xlinker 2 -Xlinker -debug_variant -e ___debug_blank_executor_main -Xlinker -sectcreate -Xlinker __TEXT -Xlinker __debug_dylib -Xlinker /Users/kevindialmb/Library/Developer/Xcode/DerivedData/ASAMAssessment-ftizkxostkqiwmdgqyoeagaqousk/Build/Intermediates.noindex/ASAMAssessment.build/Debug-iphonesimulator/ASAMAssessment.build/ASAMAssessment-DebugDylibPath-normal-arm64.txt -Xlinker -sectcreate -Xlinker __TEXT -Xlinker __debug_instlnm -Xlinker /Users/kevindialmb/Library/Developer/Xcode/DerivedData/ASAMAssessment-ftizkxostkqiwmdgqyoeagaqousk/Build/Intermediates.noindex/ASAMAssessment.build/Debug-iphonesimulator/ASAMAssessment.build/ASAMAssessment-DebugDylibInstallName-normal-arm64.txt -Xlinker -filelist -Xlinker /Users/kevindialmb/Library/Developer/Xcode/DerivedData/ASAMAssessment-ftizkxostkqiwmdgqyoeagaqousk/Build/Intermediates.noindex/ASAMAssessment.build/Debug-iphonesimulator/ASAMAssessment.build/ASAMAssessment-ExecutorLinkFileList-normal-arm64.txt -Xlinker -sectcreate -Xlinker __TEXT -Xlinker __entitlements -Xlinker /Users/kevindialmb/Library/Developer/Xcode/DerivedData/ASAMAssessment-ftizkxostkqiwmdgqyoeagaqousk/Build/Intermediates.noindex/ASAMAssessment.build/Debug-iphonesimulator/ASAMAssessment.build/ASAMAssessment.app-Simulated.xcent -Xlinker -sectcreate -Xlinker __TEXT -Xlinker __ents_der -Xlinker /Users/kevindialmb/Library/Developer/Xcode/DerivedData/ASAMAssessment-ftizkxostkqiwmdgqyoeagaqousk/Build/Intermediates.noindex/ASAMAssessment.build/Debug-iphonesimulator/ASAMAssessment.build/ASAMAssessment.app-Simulated.xcent.der /Users/kevindialmb/Library/Developer/Xcode/DerivedData/ASAMAssessment-ftizkxostkqiwmdgqyoeagaqousk/Build/Products/Debug-iphonesimulator/ASAMAssessment.app/ASAMAssessment.debug.dylib -Xlinker -no_adhoc_codesign -o /Users/kevindialmb/Library/Developer/Xcode/DerivedData/ASAMAssessment-ftizkxostkqiwmdgqyoeagaqousk/Build/Products/Debug-iphonesimulator/ASAMAssessment.app/ASAMAssessment

ExtractAppIntentsMetadata (in target 'ASAMAssessment' from project 'ASAMAssessment')
    cd /Users/kevindialmb/Downloads/ASAM_App/ios/ASAMAssessment/ASAMAssessment
    /Applications/_Development/Xcode.app/Contents/Developer/Toolchains/XcodeDefault.xctoolchain/usr/bin/appintentsmetadataprocessor --toolchain-dir /Applications/_Development/Xcode.app/Contents/Developer/Toolchains/XcodeDefault.xctoolchain --module-name ASAMAssessment --sdk-root /Applications/_Development/Xcode.app/Contents/Developer/Platforms/iPhoneSimulator.platform/Developer/SDKs/iPhoneSimulator26.1.sdk --xcode-version 17B55 --platform-family iOS --deployment-target 26.1 --bundle-identifier AxxessPhilly.ASAMAssessment --output /Users/kevindialmb/Library/Developer/Xcode/DerivedData/ASAMAssessment-ftizkxostkqiwmdgqyoeagaqousk/Build/Products/Debug-iphonesimulator/ASAMAssessment.app --target-triple arm64-apple-ios26.1-simulator --binary-file /Users/kevindialmb/Library/Developer/Xcode/DerivedData/ASAMAssessment-ftizkxostkqiwmdgqyoeagaqousk/Build/Products/Debug-iphonesimulator/ASAMAssessment.app/ASAMAssessment --dependency-file /Users/kevindialmb/Library/Developer/Xcode/DerivedData/ASAMAssessment-ftizkxostkqiwmdgqyoeagaqousk/Build/Intermediates.noindex/ASAMAssessment.build/Debug-iphonesimulator/ASAMAssessment.build/Objects-normal/arm64/ASAMAssessment_dependency_info.dat --stringsdata-file /Users/kevindialmb/Library/Developer/Xcode/DerivedData/ASAMAssessment-ftizkxostkqiwmdgqyoeagaqousk/Build/Intermediates.noindex/ASAMAssessment.build/Debug-iphonesimulator/ASAMAssessment.build/Objects-normal/arm64/ExtractedAppShortcutsMetadata.stringsdata --source-file-list /Users/kevindialmb/Library/Developer/Xcode/DerivedData/ASAMAssessment-ftizkxostkqiwmdgqyoeagaqousk/Build/Intermediates.noindex/ASAMAssessment.build/Debug-iphonesimulator/ASAMAssessment.build/Objects-normal/arm64/ASAMAssessment.SwiftFileList --metadata-file-list /Users/kevindialmb/Library/Developer/Xcode/DerivedData/ASAMAssessment-ftizkxostkqiwmdgqyoeagaqousk/Build/Intermediates.noindex/ASAMAssessment.build/Debug-iphonesimulator/ASAMAssessment.build/ASAMAssessment.DependencyMetadataFileList --static-metadata-file-list /Users/kevindialmb/Library/Developer/Xcode/DerivedData/ASAMAssessment-ftizkxostkqiwmdgqyoeagaqousk/Build/Intermediates.noindex/ASAMAssessment.build/Debug-iphonesimulator/ASAMAssessment.build/ASAMAssessment.DependencyStaticMetadataFileList --swift-const-vals-list /Users/kevindialmb/Library/Developer/Xcode/DerivedData/ASAMAssessment-ftizkxostkqiwmdgqyoeagaqousk/Build/Intermediates.noindex/ASAMAssessment.build/Debug-iphonesimulator/ASAMAssessment.build/Objects-normal/arm64/ASAMAssessment.SwiftConstValuesFileList --compile-time-extraction --deployment-aware-processing --validate-assistant-intents --no-app-shortcuts-localization
2025-11-10 13:42:34.991 appintentsmetadataprocessor[20711:5121398] Starting appintentsmetadataprocessor export
2025-11-10 13:42:34.992 appintentsmetadataprocessor[20711:5121398] warning: Metadata extraction skipped. No AppIntents.framework dependency found.

CopySwiftLibs /Users/kevindialmb/Library/Developer/Xcode/DerivedData/ASAMAssessment-ftizkxostkqiwmdgqyoeagaqousk/Build/Products/Debug-iphonesimulator/ASAMAssessment.app (in target 'ASAMAssessment' from project 'ASAMAssessment')
    cd /Users/kevindialmb/Downloads/ASAM_App/ios/ASAMAssessment/ASAMAssessment
    builtin-swiftStdLibTool --copy --verbose --sign - --scan-executable /Users/kevindialmb/Library/Developer/Xcode/DerivedData/ASAMAssessment-ftizkxostkqiwmdgqyoeagaqousk/Build/Products/Debug-iphonesimulator/ASAMAssessment.app/ASAMAssessment.debug.dylib --scan-folder /Users/kevindialmb/Library/Developer/Xcode/DerivedData/ASAMAssessment-ftizkxostkqiwmdgqyoeagaqousk/Build/Products/Debug-iphonesimulator/ASAMAssessment.app/Frameworks --scan-folder /Users/kevindialmb/Library/Developer/Xcode/DerivedData/ASAMAssessment-ftizkxostkqiwmdgqyoeagaqousk/Build/Products/Debug-iphonesimulator/ASAMAssessment.app/PlugIns --scan-folder /Users/kevindialmb/Library/Developer/Xcode/DerivedData/ASAMAssessment-ftizkxostkqiwmdgqyoeagaqousk/Build/Products/Debug-iphonesimulator/ASAMAssessment.app/SystemExtensions --scan-folder /Users/kevindialmb/Library/Developer/Xcode/DerivedData/ASAMAssessment-ftizkxostkqiwmdgqyoeagaqousk/Build/Products/Debug-iphonesimulator/ASAMAssessment.app/Extensions --platform iphonesimulator --toolchain /Applications/_Development/Xcode.app/Contents/Developer/Toolchains/XcodeDefault.xctoolchain --destination /Users/kevindialmb/Library/Developer/Xcode/DerivedData/ASAMAssessment-ftizkxostkqiwmdgqyoeagaqousk/Build/Products/Debug-iphonesimulator/ASAMAssessment.app/Frameworks --strip-bitcode --strip-bitcode-tool /Applications/_Development/Xcode.app/Contents/Developer/Toolchains/XcodeDefault.xctoolchain/usr/bin/bitcode_strip --emit-dependency-info /Users/kevindialmb/Library/Developer/Xcode/DerivedData/ASAMAssessment-ftizkxostkqiwmdgqyoeagaqousk/Build/Intermediates.noindex/ASAMAssessment.build/Debug-iphonesimulator/ASAMAssessment.build/SwiftStdLibToolInputDependencies.dep --filter-for-swift-os

AppIntentsSSUTraining (in target 'ASAMAssessment' from project 'ASAMAssessment')
    cd /Users/kevindialmb/Downloads/ASAM_App/ios/ASAMAssessment/ASAMAssessment
    /Applications/_Development/Xcode.app/Contents/Developer/Toolchains/XcodeDefault.xctoolchain/usr/bin/appintentsnltrainingprocessor --infoplist-path /Users/kevindialmb/Library/Developer/Xcode/DerivedData/ASAMAssessment-ftizkxostkqiwmdgqyoeagaqousk/Build/Products/Debug-iphonesimulator/ASAMAssessment.app/Info.plist --temp-dir-path /Users/kevindialmb/Library/Developer/Xcode/DerivedData/ASAMAssessment-ftizkxostkqiwmdgqyoeagaqousk/Build/Intermediates.noindex/ASAMAssessment.build/Debug-iphonesimulator/ASAMAssessment.build/ssu --bundle-id AxxessPhilly.ASAMAssessment --product-path /Users/kevindialmb/Library/Developer/Xcode/DerivedData/ASAMAssessment-ftizkxostkqiwmdgqyoeagaqousk/Build/Products/Debug-iphonesimulator/ASAMAssessment.app --extracted-metadata-path /Users/kevindialmb/Library/Developer/Xcode/DerivedData/ASAMAssessment-ftizkxostkqiwmdgqyoeagaqousk/Build/Products/Debug-iphonesimulator/ASAMAssessment.app/Metadata.appintents --metadata-file-list /Users/kevindialmb/Library/Developer/Xcode/DerivedData/ASAMAssessment-ftizkxostkqiwmdgqyoeagaqousk/Build/Intermediates.noindex/ASAMAssessment.build/Debug-iphonesimulator/ASAMAssessment.build/ASAMAssessment.DependencyMetadataFileList --archive-ssu-assets
2025-11-10 13:42:35.009 appintentsnltrainingprocessor[20712:5121400] Parsing options for appintentsnltrainingprocessor
2025-11-10 13:42:35.010 appintentsnltrainingprocessor[20712:5121400] No AppShortcuts found - Skipping.

CodeSign /Users/kevindialmb/Library/Developer/Xcode/DerivedData/ASAMAssessment-ftizkxostkqiwmdgqyoeagaqousk/Build/Products/Debug-iphonesimulator/ASAMAssessment.app/ASAMAssessment.debug.dylib (in target 'ASAMAssessment' from project 'ASAMAssessment')
    cd /Users/kevindialmb/Downloads/ASAM_App/ios/ASAMAssessment/ASAMAssessment
    
    Signing Identity:     "Sign to Run Locally"
    
    /usr/bin/codesign --force --sign - --timestamp\=none --generate-entitlement-der /Users/kevindialmb/Library/Developer/Xcode/DerivedData/ASAMAssessment-ftizkxostkqiwmdgqyoeagaqousk/Build/Products/Debug-iphonesimulator/ASAMAssessment.app/ASAMAssessment.debug.dylib

CodeSign /Users/kevindialmb/Library/Developer/Xcode/DerivedData/ASAMAssessment-ftizkxostkqiwmdgqyoeagaqousk/Build/Products/Debug-iphonesimulator/ASAMAssessment.app/__preview.dylib (in target 'ASAMAssessment' from project 'ASAMAssessment')
    cd /Users/kevindialmb/Downloads/ASAM_App/ios/ASAMAssessment/ASAMAssessment
    
    Signing Identity:     "Sign to Run Locally"
    
    /usr/bin/codesign --force --sign - --timestamp\=none --generate-entitlement-der /Users/kevindialmb/Library/Developer/Xcode/DerivedData/ASAMAssessment-ftizkxostkqiwmdgqyoeagaqousk/Build/Products/Debug-iphonesimulator/ASAMAssessment.app/__preview.dylib

CodeSign /Users/kevindialmb/Library/Developer/Xcode/DerivedData/ASAMAssessment-ftizkxostkqiwmdgqyoeagaqousk/Build/Products/Debug-iphonesimulator/ASAMAssessment.app (in target 'ASAMAssessment' from project 'ASAMAssessment')
    cd /Users/kevindialmb/Downloads/ASAM_App/ios/ASAMAssessment/ASAMAssessment
    
    Signing Identity:     "Sign to Run Locally"
    
    /usr/bin/codesign --force --sign - --timestamp\=none --generate-entitlement-der /Users/kevindialmb/Library/Developer/Xcode/DerivedData/ASAMAssessment-ftizkxostkqiwmdgqyoeagaqousk/Build/Products/Debug-iphonesimulator/ASAMAssessment.app

RegisterExecutionPolicyException /Users/kevindialmb/Library/Developer/Xcode/DerivedData/ASAMAssessment-ftizkxostkqiwmdgqyoeagaqousk/Build/Products/Debug-iphonesimulator/ASAMAssessment.app (in target 'ASAMAssessment' from project 'ASAMAssessment')
    cd /Users/kevindialmb/Downloads/ASAM_App/ios/ASAMAssessment/ASAMAssessment
    builtin-RegisterExecutionPolicyException /Users/kevindialmb/Library/Developer/Xcode/DerivedData/ASAMAssessment-ftizkxostkqiwmdgqyoeagaqousk/Build/Products/Debug-iphonesimulator/ASAMAssessment.app

Validate /Users/kevindialmb/Library/Developer/Xcode/DerivedData/ASAMAssessment-ftizkxostkqiwmdgqyoeagaqousk/Build/Products/Debug-iphonesimulator/ASAMAssessment.app (in target 'ASAMAssessment' from project 'ASAMAssessment')
    cd /Users/kevindialmb/Downloads/ASAM_App/ios/ASAMAssessment/ASAMAssessment
    builtin-validationUtility /Users/kevindialmb/Library/Developer/Xcode/DerivedData/ASAMAssessment-ftizkxostkqiwmdgqyoeagaqousk/Build/Products/Debug-iphonesimulator/ASAMAssessment.app -shallow-bundle -infoplist-subpath Info.plist

Touch /Users/kevindialmb/Library/Developer/Xcode/DerivedData/ASAMAssessment-ftizkxostkqiwmdgqyoeagaqousk/Build/Products/Debug-iphonesimulator/ASAMAssessment.app (in target 'ASAMAssessment' from project 'ASAMAssessment')
    cd /Users/kevindialmb/Downloads/ASAM_App/ios/ASAMAssessment/ASAMAssessment
    /usr/bin/touch -c /Users/kevindialmb/Library/Developer/Xcode/DerivedData/ASAMAssessment-ftizkxostkqiwmdgqyoeagaqousk/Build/Products/Debug-iphonesimulator/ASAMAssessment.app

** BUILD SUCCEEDED **

